2024-10-21 12:38:09.087 | INFO     | __main__:<module>:175 - Test configuration: {'columns_to_drop': ['ID'], 'target': [{'name': 'default.payment.next.month'}]}
2024-10-21 12:38:09.087 | INFO     | __main__:<module>:179 - Data filepath: data/data.csv
2024-10-21 12:38:09.087 | INFO     | __main__:validate_config:70 - Validating configuration settings
2024-10-21 12:38:09.087 | INFO     | __main__:load_data:50 - Loading data from data/data.csv
2024-10-21 12:38:09.134 | INFO     | __main__:load_data:56 - File loaded successfully
2024-10-21 12:38:09.134 | INFO     | __main__:validate_columns:89 - Validating if required columns exist in the DataFrame
2024-10-21 12:38:09.134 | INFO     | __main__:<module>:184 - DataCleaning instance created successfully
2024-10-21 12:38:09.134 | INFO     | __main__:preprocess_data:105 - Starting data preprocessing
2024-10-21 12:38:09.134 | INFO     | __main__:_drop_columns:118 - Dropping columns: ID
2024-10-21 12:38:09.136 | INFO     | __main__:_rename_target_column:125 - Renaming target column 'default.payment.next.month' to 'Default'
2024-10-21 12:38:09.137 | INFO     | __main__:_capitalize_columns:130 - Capitalizing column names
2024-10-21 12:38:09.137 | INFO     | __main__:_correct_unknown_values:135 - Correcting unknown values for Education, Marriage and Pay
2024-10-21 12:38:09.141 | INFO     | __main__:preprocess_data:112 - Data preprocessing completed
2024-10-21 12:38:09.141 | INFO     | __main__:<module>:188 - Data preprocessing completed
2024-10-21 12:38:09.145 | INFO     | __main__:<module>:191 - First few rows of cleaned data
   Limit_bal  Sex  Education  Marriage  Age  Pay_0  Pay_2  Pay_3  Pay_4  Pay_5  Pay_6  Bill_amt1  Bill_amt2  Bill_amt3  Bill_amt4  Bill_amt5  Bill_amt6  Pay_amt1  Pay_amt2  Pay_amt3  Pay_amt4  Pay_amt5  Pay_amt6  Default
0    20000.0    2          2         1   24      2      2      0      0      0      0     3913.0     3102.0      689.0        0.0        0.0        0.0       0.0     689.0       0.0       0.0       0.0       0.0        1
1   120000.0    2          2         2   26      0      2      0      0      0      2     2682.0     1725.0     2682.0     3272.0     3455.0     3261.0       0.0    1000.0    1000.0    1000.0       0.0    2000.0        1
2    90000.0    2          2         2   34      0      0      0      0      0      0    29239.0    14027.0    13559.0    14331.0    14948.0    15549.0    1518.0    1500.0    1000.0    1000.0    1000.0    5000.0        0
3    50000.0    2          2         1   37      0      0      0      0      0      0    46990.0    48233.0    49291.0    28314.0    28959.0    29547.0    2000.0    2019.0    1200.0    1100.0    1069.0    1000.0        0
4    50000.0    1          2         1   57      0      0      0      0      0      0     8617.0     5670.0    35835.0    20940.0    19146.0    19131.0    2000.0   36681.0   10000.0    9000.0     689.0     679.0        0
2024-10-21 12:38:09.145 | INFO     | __main__:<module>:194 - Cleaned data shape: (30000, 24)
2024-10-21 12:38:09.145 | INFO     | __main__:<module>:195 - Cleaned data columns: ['Limit_bal', 'Sex', 'Education', 'Marriage', 'Age', 'Pay_0', 'Pay_2', 'Pay_3', 'Pay_4', 'Pay_5', 'Pay_6', 'Bill_amt1', 'Bill_amt2', 'Bill_amt3', 'Bill_amt4', 'Bill_amt5', 'Bill_amt6', 'Pay_amt1', 'Pay_amt2', 'Pay_amt3', 'Pay_amt4', 'Pay_amt5', 'Pay_amt6', 'Default']
2024-10-21 12:38:09.145 | INFO     | __main__:<module>:200 - DataCleaning test completed
2024-10-21 12:43:22.135 | INFO     | __main__:<module>:171 - Test configuration: {'columns_to_drop': ['ID'], 'target': [{'name': 'default.payment.next.month'}]}
2024-10-21 12:43:22.135 | INFO     | __main__:<module>:175 - Data filepath: data/data.csv
2024-10-21 12:43:22.136 | INFO     | __main__:validate_config:70 - Validating configuration settings
2024-10-21 12:43:22.136 | INFO     | __main__:load_data:50 - Loading data from data/data.csv
2024-10-21 12:43:22.182 | INFO     | __main__:load_data:56 - File loaded successfully
2024-10-21 12:43:22.182 | INFO     | __main__:validate_columns:89 - Validating if required columns exist in the DataFrame
2024-10-21 12:43:22.182 | INFO     | __main__:<module>:180 - DataCleaning instance created successfully
2024-10-21 12:43:22.182 | INFO     | __main__:preprocess_data:105 - Starting data preprocessing
2024-10-21 12:43:22.183 | INFO     | __main__:_drop_columns:118 - Dropping columns: ID
2024-10-21 12:43:22.184 | INFO     | __main__:_rename_target_column:125 - Renaming target column 'default.payment.next.month' to 'Default'
2024-10-21 12:43:22.185 | INFO     | __main__:_capitalize_columns:130 - Capitalizing column names
2024-10-21 12:43:22.186 | INFO     | __main__:_correct_unknown_values:135 - Correcting unknown values for Education, Marriage and Pay
2024-10-21 12:43:22.189 | INFO     | __main__:preprocess_data:112 - Data preprocessing completed
2024-10-21 12:43:22.190 | INFO     | __main__:<module>:184 - Data preprocessing completed
2024-10-21 12:43:22.194 | INFO     | __main__:<module>:187 - First few rows of cleaned data
   Limit_bal  Sex  Education  Marriage  Age  Pay_0  Pay_2  Pay_3  Pay_4  Pay_5  Pay_6  Bill_amt1  Bill_amt2  Bill_amt3  Bill_amt4  Bill_amt5  Bill_amt6  Pay_amt1  Pay_amt2  Pay_amt3  Pay_amt4  Pay_amt5  Pay_amt6  Default
0    20000.0    2          2         1   24      2      2      0      0      0      0     3913.0     3102.0      689.0        0.0        0.0        0.0       0.0     689.0       0.0       0.0       0.0       0.0        1
1   120000.0    2          2         2   26      0      2      0      0      0      2     2682.0     1725.0     2682.0     3272.0     3455.0     3261.0       0.0    1000.0    1000.0    1000.0       0.0    2000.0        1
2    90000.0    2          2         2   34      0      0      0      0      0      0    29239.0    14027.0    13559.0    14331.0    14948.0    15549.0    1518.0    1500.0    1000.0    1000.0    1000.0    5000.0        0
3    50000.0    2          2         1   37      0      0      0      0      0      0    46990.0    48233.0    49291.0    28314.0    28959.0    29547.0    2000.0    2019.0    1200.0    1100.0    1069.0    1000.0        0
4    50000.0    1          2         1   57      0      0      0      0      0      0     8617.0     5670.0    35835.0    20940.0    19146.0    19131.0    2000.0   36681.0   10000.0    9000.0     689.0     679.0        0
2024-10-21 12:43:22.194 | INFO     | __main__:<module>:190 - Cleaned data shape: (30000, 24)
2024-10-21 12:43:22.194 | INFO     | __main__:<module>:191 - Cleaned data columns: ['Limit_bal', 'Sex', 'Education', 'Marriage', 'Age', 'Pay_0', 'Pay_2', 'Pay_3', 'Pay_4', 'Pay_5', 'Pay_6', 'Bill_amt1', 'Bill_amt2', 'Bill_amt3', 'Bill_amt4', 'Bill_amt5', 'Bill_amt6', 'Pay_amt1', 'Pay_amt2', 'Pay_amt3', 'Pay_amt4', 'Pay_amt5', 'Pay_amt6', 'Default']
2024-10-21 12:43:22.194 | INFO     | __main__:<module>:196 - DataCleaning test completed
2024-10-21 12:58:08.866 | INFO     | __main__:<module>:168 - Test configuration: {'columns_to_drop': ['ID'], 'target': [{'name': 'default.payment.next.month'}]}
2024-10-21 12:58:08.867 | INFO     | __main__:<module>:172 - Data filepath: data/data.csv
2024-10-21 12:58:08.867 | INFO     | __main__:validate_config:67 - Validating configuration settings
2024-10-21 12:58:08.867 | INFO     | __main__:load_data:47 - Loading data from data/data.csv
2024-10-21 12:58:08.912 | INFO     | __main__:load_data:53 - File loaded successfully
2024-10-21 12:58:08.912 | INFO     | __main__:validate_columns:86 - Validating if required columns exist in the DataFrame
2024-10-21 12:58:08.912 | INFO     | __main__:<module>:177 - DataCleaning instance created successfully
2024-10-21 12:58:08.912 | INFO     | __main__:preprocess_data:102 - Starting data preprocessing
2024-10-21 12:58:08.912 | INFO     | __main__:_drop_columns:115 - Dropping columns: ID
2024-10-21 12:58:08.914 | INFO     | __main__:_rename_target_column:122 - Renaming target column 'default.payment.next.month' to 'Default'
2024-10-21 12:58:08.915 | INFO     | __main__:_capitalize_columns:127 - Capitalizing column names
2024-10-21 12:58:08.915 | INFO     | __main__:_correct_unknown_values:132 - Correcting unknown values for Education, Marriage and Pay
2024-10-21 12:58:08.919 | INFO     | __main__:preprocess_data:109 - Data preprocessing completed
2024-10-21 12:58:08.919 | INFO     | __main__:<module>:181 - Data preprocessing completed
2024-10-21 12:58:08.924 | INFO     | __main__:<module>:184 - First few rows of cleaned data
   Limit_bal  Sex  Education  Marriage  Age  Pay_0  Pay_2  Pay_3  Pay_4  Pay_5  Pay_6  Bill_amt1  Bill_amt2  Bill_amt3  Bill_amt4  Bill_amt5  Bill_amt6  Pay_amt1  Pay_amt2  Pay_amt3  Pay_amt4  Pay_amt5  Pay_amt6  Default
0    20000.0    2          2         1   24      2      2      0      0      0      0     3913.0     3102.0      689.0        0.0        0.0        0.0       0.0     689.0       0.0       0.0       0.0       0.0        1
1   120000.0    2          2         2   26      0      2      0      0      0      2     2682.0     1725.0     2682.0     3272.0     3455.0     3261.0       0.0    1000.0    1000.0    1000.0       0.0    2000.0        1
2    90000.0    2          2         2   34      0      0      0      0      0      0    29239.0    14027.0    13559.0    14331.0    14948.0    15549.0    1518.0    1500.0    1000.0    1000.0    1000.0    5000.0        0
3    50000.0    2          2         1   37      0      0      0      0      0      0    46990.0    48233.0    49291.0    28314.0    28959.0    29547.0    2000.0    2019.0    1200.0    1100.0    1069.0    1000.0        0
4    50000.0    1          2         1   57      0      0      0      0      0      0     8617.0     5670.0    35835.0    20940.0    19146.0    19131.0    2000.0   36681.0   10000.0    9000.0     689.0     679.0        0
2024-10-21 12:58:08.924 | INFO     | __main__:<module>:187 - Cleaned data shape: (30000, 24)
2024-10-21 12:58:08.925 | INFO     | __main__:<module>:188 - Cleaned data columns: ['Limit_bal', 'Sex', 'Education', 'Marriage', 'Age', 'Pay_0', 'Pay_2', 'Pay_3', 'Pay_4', 'Pay_5', 'Pay_6', 'Bill_amt1', 'Bill_amt2', 'Bill_amt3', 'Bill_amt4', 'Bill_amt5', 'Bill_amt6', 'Pay_amt1', 'Pay_amt2', 'Pay_amt3', 'Pay_amt4', 'Pay_amt5', 'Pay_amt6', 'Default']
2024-10-21 12:58:08.925 | INFO     | __main__:<module>:193 - DataCleaning test completed
2024-10-23 10:38:44.604 | INFO     | __main__:<module>:172 - Test configuration: {'catalog_name': 'maven', 'schema_name': 'default', 'parameters': {'learning_rate': 0.05, 'random_state': 42}, 'num_features': [{'name': 'LIMIT_BAL', 'dtype': 'float64'}, {'name': 'SEX', 'dtype': 'int64'}, {'name': 'EDUCATION', 'dtype': 'int64'}, {'name': 'MARRIAGE', 'dtype': 'int64'}, {'name': 'AGE', 'dtype': 'int64'}, {'name': 'PAY_0', 'dtype': 'int64'}, {'name': 'PAY_2', 'dtype': 'int64'}, {'name': 'PAY_3', 'dtype': 'int64'}, {'name': 'PAY_4', 'dtype': 'int64'}, {'name': 'PAY_5', 'dtype': 'int64'}, {'name': 'PAY_6', 'dtype': 'int64'}, {'name': 'BILL_AMT1', 'dtype': 'float64'}, {'name': 'BILL_AMT2', 'dtype': 'float64'}, {'name': 'BILL_AMT3', 'dtype': 'float64'}, {'name': 'BILL_AMT4', 'dtype': 'float64'}, {'name': 'BILL_AMT5', 'dtype': 'float64'}, {'name': 'BILL_AMT6', 'dtype': 'float64'}, {'name': 'PAY_AMT1', 'dtype': 'float64'}, {'name': 'PAY_AMT2', 'dtype': 'float64'}, {'name': 'PAY_AMT3', 'dtype': 'float64'}, {'name': 'PAY_AMT4', 'dtype': 'float64'}, {'name': 'PAY_AMT5', 'dtype': 'float64'}, {'name': 'PAY_AMT6', 'dtype': 'float64'}], 'target': [{'name': 'default.payment.next.month', 'dtype': 'int64'}], 'columns_to_drop': ['ID']}
2024-10-23 10:38:44.605 | INFO     | __main__:<module>:176 - Data filepath: data/data.csv
2024-10-23 10:38:44.605 | INFO     | __main__:validate_config:69 - Validating configuration settings
2024-10-23 10:38:44.606 | INFO     | __main__:load_data:49 - Loading data from data/data.csv
2024-10-23 10:38:44.650 | INFO     | __main__:load_data:55 - File loaded successfully
2024-10-23 10:38:44.651 | INFO     | __main__:validate_columns:88 - Validating if required columns exist in the DataFrame
2024-10-23 10:38:44.651 | INFO     | __main__:<module>:181 - DataCleaning instance created successfully
2024-10-23 10:38:44.651 | INFO     | __main__:preprocess_data:104 - Starting data preprocessing
2024-10-23 10:38:44.651 | INFO     | __main__:_drop_columns:117 - Dropping columns: ID
2024-10-23 10:38:44.653 | INFO     | __main__:_rename_target_column:124 - Renaming target column 'default.payment.next.month' to 'Default'
2024-10-23 10:38:44.654 | INFO     | __main__:_capitalize_columns:129 - Capitalizing column names
2024-10-23 10:38:44.654 | INFO     | __main__:_correct_unknown_values:134 - Correcting unknown values for Education, Marriage and Pay
2024-10-23 10:38:44.659 | INFO     | __main__:preprocess_data:111 - Data preprocessing completed
2024-10-23 10:38:44.659 | INFO     | __main__:<module>:185 - Data preprocessing completed
2024-10-23 10:38:44.664 | INFO     | __main__:<module>:188 - First few rows of cleaned data
   Limit_bal  Sex  Education  Marriage  Age  Pay_0  Pay_2  Pay_3  Pay_4  Pay_5  Pay_6  Bill_amt1  Bill_amt2  Bill_amt3  Bill_amt4  Bill_amt5  Bill_amt6  Pay_amt1  Pay_amt2  Pay_amt3  Pay_amt4  Pay_amt5  Pay_amt6  Default
0    20000.0    2          2         1   24      2      2      0      0      0      0     3913.0     3102.0      689.0        0.0        0.0        0.0       0.0     689.0       0.0       0.0       0.0       0.0        1
1   120000.0    2          2         2   26      0      2      0      0      0      2     2682.0     1725.0     2682.0     3272.0     3455.0     3261.0       0.0    1000.0    1000.0    1000.0       0.0    2000.0        1
2    90000.0    2          2         2   34      0      0      0      0      0      0    29239.0    14027.0    13559.0    14331.0    14948.0    15549.0    1518.0    1500.0    1000.0    1000.0    1000.0    5000.0        0
3    50000.0    2          2         1   37      0      0      0      0      0      0    46990.0    48233.0    49291.0    28314.0    28959.0    29547.0    2000.0    2019.0    1200.0    1100.0    1069.0    1000.0        0
4    50000.0    1          2         1   57      0      0      0      0      0      0     8617.0     5670.0    35835.0    20940.0    19146.0    19131.0    2000.0   36681.0   10000.0    9000.0     689.0     679.0        0
2024-10-23 10:38:44.664 | INFO     | __main__:<module>:191 - Cleaned data shape: (30000, 24)
2024-10-23 10:38:44.665 | INFO     | __main__:<module>:192 - Cleaned data columns: ['Limit_bal', 'Sex', 'Education', 'Marriage', 'Age', 'Pay_0', 'Pay_2', 'Pay_3', 'Pay_4', 'Pay_5', 'Pay_6', 'Bill_amt1', 'Bill_amt2', 'Bill_amt3', 'Bill_amt4', 'Bill_amt5', 'Bill_amt6', 'Pay_amt1', 'Pay_amt2', 'Pay_amt3', 'Pay_amt4', 'Pay_amt5', 'Pay_amt6', 'Default']
2024-10-23 10:38:44.665 | INFO     | __main__:<module>:197 - DataCleaning test completed
2024-10-23 10:54:00.459 | INFO     | __main__:<module>:172 - Test configuration: {'catalog_name': 'maven', 'schema_name': 'default', 'parameters': {'learning_rate': 0.05, 'random_state': 42}, 'num_features': [{'name': 'LIMIT_BAL', 'dtype': 'float64'}, {'name': 'SEX', 'dtype': 'int64'}, {'name': 'EDUCATION', 'dtype': 'int64'}, {'name': 'MARRIAGE', 'dtype': 'int64'}, {'name': 'AGE', 'dtype': 'int64'}, {'name': 'PAY_0', 'dtype': 'int64'}, {'name': 'PAY_2', 'dtype': 'int64'}, {'name': 'PAY_3', 'dtype': 'int64'}, {'name': 'PAY_4', 'dtype': 'int64'}, {'name': 'PAY_5', 'dtype': 'int64'}, {'name': 'PAY_6', 'dtype': 'int64'}, {'name': 'BILL_AMT1', 'dtype': 'float64'}, {'name': 'BILL_AMT2', 'dtype': 'float64'}, {'name': 'BILL_AMT3', 'dtype': 'float64'}, {'name': 'BILL_AMT4', 'dtype': 'float64'}, {'name': 'BILL_AMT5', 'dtype': 'float64'}, {'name': 'BILL_AMT6', 'dtype': 'float64'}, {'name': 'PAY_AMT1', 'dtype': 'float64'}, {'name': 'PAY_AMT2', 'dtype': 'float64'}, {'name': 'PAY_AMT3', 'dtype': 'float64'}, {'name': 'PAY_AMT4', 'dtype': 'float64'}, {'name': 'PAY_AMT5', 'dtype': 'float64'}, {'name': 'PAY_AMT6', 'dtype': 'float64'}], 'target': [{'name': 'default.payment.next.month', 'dtype': 'int64'}], 'columns_to_drop': ['ID']}
2024-10-23 10:54:00.460 | INFO     | __main__:<module>:176 - Data filepath: data/data.csv
2024-10-23 10:54:00.460 | INFO     | __main__:validate_config:69 - Validating configuration settings
2024-10-23 10:54:00.460 | INFO     | __main__:load_data:49 - Loading data from data/data.csv
2024-10-23 10:54:00.505 | INFO     | __main__:load_data:55 - File loaded successfully
2024-10-23 10:54:00.506 | INFO     | __main__:validate_columns:88 - Validating if required columns exist in the DataFrame
2024-10-23 10:54:00.507 | INFO     | __main__:<module>:181 - DataCleaning instance created successfully
2024-10-23 10:54:00.507 | INFO     | __main__:preprocess_data:104 - Starting data preprocessing
2024-10-23 10:54:00.507 | INFO     | __main__:_drop_columns:117 - Dropping columns: ID
2024-10-23 10:54:00.510 | INFO     | __main__:_rename_target_column:124 - Renaming target column 'default.payment.next.month' to 'Default'
2024-10-23 10:54:00.511 | INFO     | __main__:_capitalize_columns:129 - Capitalizing column names
2024-10-23 10:54:00.512 | INFO     | __main__:_correct_unknown_values:134 - Correcting unknown values for Education, Marriage and Pay
2024-10-23 10:54:00.515 | INFO     | __main__:preprocess_data:111 - Data preprocessing completed
2024-10-23 10:54:00.515 | INFO     | __main__:<module>:185 - Data preprocessing completed
2024-10-23 10:54:00.520 | INFO     | __main__:<module>:188 - First few rows of cleaned data
   Limit_bal  Sex  Education  Marriage  Age  Pay_0  Pay_2  Pay_3  Pay_4  Pay_5  Pay_6  Bill_amt1  Bill_amt2  Bill_amt3  Bill_amt4  Bill_amt5  Bill_amt6  Pay_amt1  Pay_amt2  Pay_amt3  Pay_amt4  Pay_amt5  Pay_amt6  Default
0    20000.0    2          2         1   24      2      2      0      0      0      0     3913.0     3102.0      689.0        0.0        0.0        0.0       0.0     689.0       0.0       0.0       0.0       0.0        1
1   120000.0    2          2         2   26      0      2      0      0      0      2     2682.0     1725.0     2682.0     3272.0     3455.0     3261.0       0.0    1000.0    1000.0    1000.0       0.0    2000.0        1
2    90000.0    2          2         2   34      0      0      0      0      0      0    29239.0    14027.0    13559.0    14331.0    14948.0    15549.0    1518.0    1500.0    1000.0    1000.0    1000.0    5000.0        0
3    50000.0    2          2         1   37      0      0      0      0      0      0    46990.0    48233.0    49291.0    28314.0    28959.0    29547.0    2000.0    2019.0    1200.0    1100.0    1069.0    1000.0        0
4    50000.0    1          2         1   57      0      0      0      0      0      0     8617.0     5670.0    35835.0    20940.0    19146.0    19131.0    2000.0   36681.0   10000.0    9000.0     689.0     679.0        0
2024-10-23 10:54:00.521 | INFO     | __main__:<module>:191 - Cleaned data shape: (30000, 24)
2024-10-23 10:54:00.521 | INFO     | __main__:<module>:192 - Cleaned data columns: ['Limit_bal', 'Sex', 'Education', 'Marriage', 'Age', 'Pay_0', 'Pay_2', 'Pay_3', 'Pay_4', 'Pay_5', 'Pay_6', 'Bill_amt1', 'Bill_amt2', 'Bill_amt3', 'Bill_amt4', 'Bill_amt5', 'Bill_amt6', 'Pay_amt1', 'Pay_amt2', 'Pay_amt3', 'Pay_amt4', 'Pay_amt5', 'Pay_amt6', 'Default']
2024-10-23 10:54:00.521 | INFO     | __main__:<module>:197 - DataCleaning test completed
2024-10-23 11:05:29.674 | INFO     | __main__:<module>:172 - Test configuration: {'catalog_name': 'maven', 'schema_name': 'default', 'parameters': {'learning_rate': 0.05, 'random_state': 42}, 'num_features': [{'name': 'LIMIT_BAL', 'dtype': 'float64'}, {'name': 'SEX', 'dtype': 'int64'}, {'name': 'EDUCATION', 'dtype': 'int64'}, {'name': 'MARRIAGE', 'dtype': 'int64'}, {'name': 'AGE', 'dtype': 'int64'}, {'name': 'PAY_0', 'dtype': 'int64'}, {'name': 'PAY_2', 'dtype': 'int64'}, {'name': 'PAY_3', 'dtype': 'int64'}, {'name': 'PAY_4', 'dtype': 'int64'}, {'name': 'PAY_5', 'dtype': 'int64'}, {'name': 'PAY_6', 'dtype': 'int64'}, {'name': 'BILL_AMT1', 'dtype': 'float64'}, {'name': 'BILL_AMT2', 'dtype': 'float64'}, {'name': 'BILL_AMT3', 'dtype': 'float64'}, {'name': 'BILL_AMT4', 'dtype': 'float64'}, {'name': 'BILL_AMT5', 'dtype': 'float64'}, {'name': 'BILL_AMT6', 'dtype': 'float64'}, {'name': 'PAY_AMT1', 'dtype': 'float64'}, {'name': 'PAY_AMT2', 'dtype': 'float64'}, {'name': 'PAY_AMT3', 'dtype': 'float64'}, {'name': 'PAY_AMT4', 'dtype': 'float64'}, {'name': 'PAY_AMT5', 'dtype': 'float64'}, {'name': 'PAY_AMT6', 'dtype': 'float64'}], 'target': [{'name': 'default.payment.next.month', 'dtype': 'int64'}], 'columns_to_drop': ['ID']}
2024-10-23 11:05:29.674 | INFO     | __main__:<module>:176 - Data filepath: data/data.csv
2024-10-23 11:05:29.675 | INFO     | __main__:validate_config:69 - Validating configuration settings
2024-10-23 11:05:29.675 | INFO     | __main__:load_data:49 - Loading data from data/data.csv
2024-10-23 11:05:29.723 | INFO     | __main__:load_data:55 - File loaded successfully
2024-10-23 11:05:29.723 | INFO     | __main__:validate_columns:88 - Validating if required columns exist in the DataFrame
2024-10-23 11:05:29.725 | INFO     | __main__:<module>:181 - DataCleaning instance created successfully
2024-10-23 11:05:29.725 | INFO     | __main__:preprocess_data:104 - Starting data preprocessing
2024-10-23 11:05:29.725 | INFO     | __main__:_drop_columns:117 - Dropping columns: ID
2024-10-23 11:05:29.728 | INFO     | __main__:_rename_target_column:124 - Renaming target column 'default.payment.next.month' to 'Default'
2024-10-23 11:05:29.729 | INFO     | __main__:_capitalize_columns:129 - Capitalizing column names
2024-10-23 11:05:29.729 | INFO     | __main__:_correct_unknown_values:134 - Correcting unknown values for Education, Marriage and Pay
2024-10-23 11:05:29.733 | INFO     | __main__:preprocess_data:111 - Data preprocessing completed
2024-10-23 11:05:29.733 | INFO     | __main__:<module>:185 - Data preprocessing completed
2024-10-23 11:05:29.738 | INFO     | __main__:<module>:188 - First few rows of cleaned data
   Limit_bal  Sex  Education  Marriage  Age  Pay_0  Pay_2  Pay_3  Pay_4  Pay_5  Pay_6  Bill_amt1  Bill_amt2  Bill_amt3  Bill_amt4  Bill_amt5  Bill_amt6  Pay_amt1  Pay_amt2  Pay_amt3  Pay_amt4  Pay_amt5  Pay_amt6  Default
0    20000.0    2          2         1   24      2      2      0      0      0      0     3913.0     3102.0      689.0        0.0        0.0        0.0       0.0     689.0       0.0       0.0       0.0       0.0        1
1   120000.0    2          2         2   26      0      2      0      0      0      2     2682.0     1725.0     2682.0     3272.0     3455.0     3261.0       0.0    1000.0    1000.0    1000.0       0.0    2000.0        1
2    90000.0    2          2         2   34      0      0      0      0      0      0    29239.0    14027.0    13559.0    14331.0    14948.0    15549.0    1518.0    1500.0    1000.0    1000.0    1000.0    5000.0        0
3    50000.0    2          2         1   37      0      0      0      0      0      0    46990.0    48233.0    49291.0    28314.0    28959.0    29547.0    2000.0    2019.0    1200.0    1100.0    1069.0    1000.0        0
4    50000.0    1          2         1   57      0      0      0      0      0      0     8617.0     5670.0    35835.0    20940.0    19146.0    19131.0    2000.0   36681.0   10000.0    9000.0     689.0     679.0        0
2024-10-23 11:05:29.738 | INFO     | __main__:<module>:191 - Cleaned data shape: (30000, 24)
2024-10-23 11:05:29.738 | INFO     | __main__:<module>:192 - Cleaned data columns: ['Limit_bal', 'Sex', 'Education', 'Marriage', 'Age', 'Pay_0', 'Pay_2', 'Pay_3', 'Pay_4', 'Pay_5', 'Pay_6', 'Bill_amt1', 'Bill_amt2', 'Bill_amt3', 'Bill_amt4', 'Bill_amt5', 'Bill_amt6', 'Pay_amt1', 'Pay_amt2', 'Pay_amt3', 'Pay_amt4', 'Pay_amt5', 'Pay_amt6', 'Default']
2024-10-23 11:05:29.738 | INFO     | __main__:<module>:197 - DataCleaning test completed
2024-10-23 11:11:41.927 | INFO     | __main__:<module>:172 - Test configuration: {'catalog_name': 'maven', 'schema_name': 'default', 'parameters': {'learning_rate': 0.05, 'random_state': 42}, 'num_features': [{'name': 'LIMIT_BAL', 'dtype': 'float64'}, {'name': 'SEX', 'dtype': 'int64'}, {'name': 'EDUCATION', 'dtype': 'int64'}, {'name': 'MARRIAGE', 'dtype': 'int64'}, {'name': 'AGE', 'dtype': 'int64'}, {'name': 'PAY_0', 'dtype': 'int64'}, {'name': 'PAY_2', 'dtype': 'int64'}, {'name': 'PAY_3', 'dtype': 'int64'}, {'name': 'PAY_4', 'dtype': 'int64'}, {'name': 'PAY_5', 'dtype': 'int64'}, {'name': 'PAY_6', 'dtype': 'int64'}, {'name': 'BILL_AMT1', 'dtype': 'float64'}, {'name': 'BILL_AMT2', 'dtype': 'float64'}, {'name': 'BILL_AMT3', 'dtype': 'float64'}, {'name': 'BILL_AMT4', 'dtype': 'float64'}, {'name': 'BILL_AMT5', 'dtype': 'float64'}, {'name': 'BILL_AMT6', 'dtype': 'float64'}, {'name': 'PAY_AMT1', 'dtype': 'float64'}, {'name': 'PAY_AMT2', 'dtype': 'float64'}, {'name': 'PAY_AMT3', 'dtype': 'float64'}, {'name': 'PAY_AMT4', 'dtype': 'float64'}, {'name': 'PAY_AMT5', 'dtype': 'float64'}, {'name': 'PAY_AMT6', 'dtype': 'float64'}], 'target': [{'name': 'default.payment.next.month', 'dtype': 'int64'}], 'columns_to_drop': ['ID']}
2024-10-23 11:11:41.927 | INFO     | __main__:<module>:176 - Data filepath: data/data.csv
2024-10-23 11:11:41.928 | INFO     | __main__:validate_config:69 - Validating configuration settings
2024-10-23 11:11:41.928 | INFO     | __main__:load_data:49 - Loading data from data/data.csv
2024-10-23 11:11:41.969 | INFO     | __main__:load_data:55 - File loaded successfully
2024-10-23 11:11:41.969 | INFO     | __main__:validate_columns:88 - Validating if required columns exist in the DataFrame
2024-10-23 11:11:41.970 | INFO     | __main__:<module>:181 - DataCleaning instance created successfully
2024-10-23 11:11:41.970 | INFO     | __main__:preprocess_data:104 - Starting data preprocessing
2024-10-23 11:11:41.970 | INFO     | __main__:_drop_columns:117 - Dropping columns: ID
2024-10-23 11:11:41.971 | INFO     | __main__:_rename_target_column:124 - Renaming target column 'default.payment.next.month' to 'Default'
2024-10-23 11:11:41.972 | INFO     | __main__:_capitalize_columns:129 - Capitalizing column names
2024-10-23 11:11:41.973 | INFO     | __main__:_correct_unknown_values:134 - Correcting unknown values for Education, Marriage and Pay
2024-10-23 11:11:41.976 | INFO     | __main__:preprocess_data:111 - Data preprocessing completed
2024-10-23 11:11:41.976 | INFO     | __main__:<module>:185 - Data preprocessing completed
2024-10-23 11:11:41.981 | INFO     | __main__:<module>:188 - First few rows of cleaned data
   Limit_bal  Sex  Education  Marriage  Age  Pay_0  Pay_2  Pay_3  Pay_4  Pay_5  Pay_6  Bill_amt1  Bill_amt2  Bill_amt3  Bill_amt4  Bill_amt5  Bill_amt6  Pay_amt1  Pay_amt2  Pay_amt3  Pay_amt4  Pay_amt5  Pay_amt6  Default
0    20000.0    2          2         1   24      2      2      0      0      0      0     3913.0     3102.0      689.0        0.0        0.0        0.0       0.0     689.0       0.0       0.0       0.0       0.0        1
1   120000.0    2          2         2   26      0      2      0      0      0      2     2682.0     1725.0     2682.0     3272.0     3455.0     3261.0       0.0    1000.0    1000.0    1000.0       0.0    2000.0        1
2    90000.0    2          2         2   34      0      0      0      0      0      0    29239.0    14027.0    13559.0    14331.0    14948.0    15549.0    1518.0    1500.0    1000.0    1000.0    1000.0    5000.0        0
3    50000.0    2          2         1   37      0      0      0      0      0      0    46990.0    48233.0    49291.0    28314.0    28959.0    29547.0    2000.0    2019.0    1200.0    1100.0    1069.0    1000.0        0
4    50000.0    1          2         1   57      0      0      0      0      0      0     8617.0     5670.0    35835.0    20940.0    19146.0    19131.0    2000.0   36681.0   10000.0    9000.0     689.0     679.0        0
2024-10-23 11:11:41.981 | INFO     | __main__:<module>:191 - Cleaned data shape: (30000, 24)
2024-10-23 11:11:41.981 | INFO     | __main__:<module>:192 - Cleaned data columns: ['Limit_bal', 'Sex', 'Education', 'Marriage', 'Age', 'Pay_0', 'Pay_2', 'Pay_3', 'Pay_4', 'Pay_5', 'Pay_6', 'Bill_amt1', 'Bill_amt2', 'Bill_amt3', 'Bill_amt4', 'Bill_amt5', 'Bill_amt6', 'Pay_amt1', 'Pay_amt2', 'Pay_amt3', 'Pay_amt4', 'Pay_amt5', 'Pay_amt6', 'Default']
2024-10-23 11:11:41.981 | INFO     | __main__:<module>:197 - DataCleaning test completed
2024-10-23 12:47:34 | INFO | Loaded configuration from project_config.yml
2024-10-23 12:47:34 | INFO | Validating configuration settings
2024-10-23 12:47:34 | INFO | Loading data from data/data.csv
2024-10-23 12:47:34 | INFO | Validating DataFrame structure and content
2024-10-23 12:47:34 | INFO | Starting data preprocessing
2024-10-23 12:47:34 | INFO | Dropping columns: ID
2024-10-23 12:47:34 | INFO | Renaming target column 'default.payment.next.month' to 'Default'
2024-10-23 12:47:34 | INFO | Capitalizing column names
2024-10-23 12:47:34 | INFO | Correcting unknown values for Education, Marriage and Pay columns
2024-10-23 12:47:34 | INFO | Data preprocessing completed successfully
2024-10-23 12:47:34 | INFO | Data cleaning completed successfully:
2024-10-23 12:47:34 | INFO | Final data shape: (30000, 24)
2024-10-23 12:47:34 | INFO | Final columns: ['Limit_bal', 'Sex', 'Education', 'Marriage', 'Age', 'Pay_0', 'Pay_2', 'Pay_3', 'Pay_4', 'Pay_5', 'Pay_6', 'Bill_amt1', 'Bill_amt2', 'Bill_amt3', 'Bill_amt4', 'Bill_amt5', 'Bill_amt6', 'Pay_amt1', 'Pay_amt2', 'Pay_amt3', 'Pay_amt4', 'Pay_amt5', 'Pay_amt6', 'Default']
2024-10-23 12:47:34 | INFO | Sample of cleaned data:
   Limit_bal  Sex  Education  Marriage  Age  Pay_0  Pay_2  Pay_3  Pay_4  Pay_5  Pay_6  Bill_amt1  Bill_amt2  Bill_amt3  Bill_amt4  Bill_amt5  Bill_amt6  Pay_amt1  Pay_amt2  Pay_amt3  Pay_amt4  Pay_amt5  Pay_amt6  Default
0    20000.0    2          2         1   24      2      2      0      0      0      0     3913.0     3102.0      689.0        0.0        0.0        0.0       0.0     689.0       0.0       0.0       0.0       0.0        1
1   120000.0    2          2         2   26      0      2      0      0      0      2     2682.0     1725.0     2682.0     3272.0     3455.0     3261.0       0.0    1000.0    1000.0    1000.0       0.0    2000.0        1
2    90000.0    2          2         2   34      0      0      0      0      0      0    29239.0    14027.0    13559.0    14331.0    14948.0    15549.0    1518.0    1500.0    1000.0    1000.0    1000.0    5000.0        0
3    50000.0    2          2         1   37      0      0      0      0      0      0    46990.0    48233.0    49291.0    28314.0    28959.0    29547.0    2000.0    2019.0    1200.0    1100.0    1069.0    1000.0        0
4    50000.0    1          2         1   57      0      0      0      0      0      0     8617.0     5670.0    35835.0    20940.0    19146.0    19131.0    2000.0   36681.0   10000.0    9000.0     689.0     679.0        0
2024-10-23 12:47:34 | INFO | Data cleaning script completed successfully
2024-10-23 13:05:27.665 | INFO     | __main__:<module>:473 - Loaded configuration from project_config.yml
2024-10-23 13:05:27.666 | INFO     | __main__:_validate_and_setup_config:268 - Validating configuration settings
2024-10-23 13:05:27.666 | INFO     | __main__:_load_data:312 - Loading data from data/data.csv
2024-10-23 13:05:27.715 | INFO     | __main__:_validate_dataframe:331 - Validating DataFrame structure and content
2024-10-23 13:05:27.716 | INFO     | __main__:preprocess_data:376 - Starting data preprocessing
2024-10-23 13:05:27.717 | INFO     | __main__:_drop_columns:395 - Dropping columns: ID
2024-10-23 13:05:27.718 | INFO     | __main__:_rename_target_column:400 - Renaming target column 'default.payment.next.month' to 'Default'
2024-10-23 13:05:27.719 | INFO     | __main__:_capitalize_columns:405 - Capitalizing column names
2024-10-23 13:05:27.719 | INFO     | __main__:_correct_unknown_values:410 - Correcting unknown values for Education, Marriage and Pay columns
2024-10-23 13:05:27.725 | INFO     | __main__:preprocess_data:386 - Data preprocessing completed successfully
2024-10-23 13:05:27.725 | INFO     | __main__:<module>:480 - Data cleaning completed successfully:
2024-10-23 13:05:27.726 | INFO     | __main__:<module>:481 - Final data shape: (30000, 24)
2024-10-23 13:05:27.726 | INFO     | __main__:<module>:482 - Final columns: ['Limit_bal', 'Sex', 'Education', 'Marriage', 'Age', 'Pay_0', 'Pay_2', 'Pay_3', 'Pay_4', 'Pay_5', 'Pay_6', 'Bill_amt1', 'Bill_amt2', 'Bill_amt3', 'Bill_amt4', 'Bill_amt5', 'Bill_amt6', 'Pay_amt1', 'Pay_amt2', 'Pay_amt3', 'Pay_amt4', 'Pay_amt5', 'Pay_amt6', 'Default']
2024-10-23 13:05:27.731 | INFO     | __main__:<module>:483 - Sample of cleaned data:
   Limit_bal  Sex  Education  Marriage  Age  Pay_0  Pay_2  Pay_3  Pay_4  Pay_5  Pay_6  Bill_amt1  Bill_amt2  Bill_amt3  Bill_amt4  Bill_amt5  Bill_amt6  Pay_amt1  Pay_amt2  Pay_amt3  Pay_amt4  Pay_amt5  Pay_amt6  Default
0    20000.0    2          2         1   24      2      2      0      0      0      0     3913.0     3102.0      689.0        0.0        0.0        0.0       0.0     689.0       0.0       0.0       0.0       0.0        1
1   120000.0    2          2         2   26      0      2      0      0      0      2     2682.0     1725.0     2682.0     3272.0     3455.0     3261.0       0.0    1000.0    1000.0    1000.0       0.0    2000.0        1
2    90000.0    2          2         2   34      0      0      0      0      0      0    29239.0    14027.0    13559.0    14331.0    14948.0    15549.0    1518.0    1500.0    1000.0    1000.0    1000.0    5000.0        0
3    50000.0    2          2         1   37      0      0      0      0      0      0    46990.0    48233.0    49291.0    28314.0    28959.0    29547.0    2000.0    2019.0    1200.0    1100.0    1069.0    1000.0        0
4    50000.0    1          2         1   57      0      0      0      0      0      0     8617.0     5670.0    35835.0    20940.0    19146.0    19131.0    2000.0   36681.0   10000.0    9000.0     689.0     679.0        0
2024-10-23 13:05:27.732 | INFO     | __main__:<module>:492 - Data cleaning script completed successfully
2024-10-23 13:26:19.515 | INFO     | credit_default.utils:load_config:71 - Loaded configuration from project_config.yml
2024-10-23 13:26:19.516 | INFO     | __main__:<module>:274 - Loaded configuration from project_config.yml
2024-10-23 13:26:19.516 | INFO     | __main__:_validate_and_setup_config:70 - Validating configuration settings
2024-10-23 13:26:19.516 | INFO     | __main__:_load_data:114 - Loading data from data/data.csv
2024-10-23 13:26:19.572 | INFO     | __main__:_validate_dataframe:133 - Validating DataFrame structure and content
2024-10-23 13:26:19.576 | INFO     | __main__:preprocess_data:178 - Starting data preprocessing
2024-10-23 13:26:19.576 | INFO     | __main__:_drop_columns:197 - Dropping columns: ID
2024-10-23 13:26:19.580 | INFO     | __main__:_rename_target_column:202 - Renaming target column 'default.payment.next.month' to 'Default'
2024-10-23 13:26:19.582 | INFO     | __main__:_capitalize_columns:207 - Capitalizing column names
2024-10-23 13:26:19.583 | INFO     | __main__:_correct_unknown_values:212 - Correcting unknown values for Education, Marriage and Pay columns
2024-10-23 13:26:19.591 | INFO     | __main__:preprocess_data:188 - Data preprocessing completed successfully
2024-10-23 13:26:19.592 | INFO     | __main__:<module>:281 - Data cleaning completed successfully:
2024-10-23 13:26:19.592 | INFO     | __main__:<module>:282 - Final data shape: (30000, 24)
2024-10-23 13:26:19.592 | INFO     | __main__:<module>:283 - Final columns: ['Limit_bal', 'Sex', 'Education', 'Marriage', 'Age', 'Pay_0', 'Pay_2', 'Pay_3', 'Pay_4', 'Pay_5', 'Pay_6', 'Bill_amt1', 'Bill_amt2', 'Bill_amt3', 'Bill_amt4', 'Bill_amt5', 'Bill_amt6', 'Pay_amt1', 'Pay_amt2', 'Pay_amt3', 'Pay_amt4', 'Pay_amt5', 'Pay_amt6', 'Default']
2024-10-23 13:26:19.599 | INFO     | __main__:<module>:284 - Sample of cleaned data:
   Limit_bal  Sex  Education  Marriage  Age  Pay_0  Pay_2  Pay_3  Pay_4  Pay_5  Pay_6  Bill_amt1  Bill_amt2  Bill_amt3  Bill_amt4  Bill_amt5  Bill_amt6  Pay_amt1  Pay_amt2  Pay_amt3  Pay_amt4  Pay_amt5  Pay_amt6  Default
0    20000.0    2          2         1   24      2      2      0      0      0      0     3913.0     3102.0      689.0        0.0        0.0        0.0       0.0     689.0       0.0       0.0       0.0       0.0        1
1   120000.0    2          2         2   26      0      2      0      0      0      2     2682.0     1725.0     2682.0     3272.0     3455.0     3261.0       0.0    1000.0    1000.0    1000.0       0.0    2000.0        1
2    90000.0    2          2         2   34      0      0      0      0      0      0    29239.0    14027.0    13559.0    14331.0    14948.0    15549.0    1518.0    1500.0    1000.0    1000.0    1000.0    5000.0        0
3    50000.0    2          2         1   37      0      0      0      0      0      0    46990.0    48233.0    49291.0    28314.0    28959.0    29547.0    2000.0    2019.0    1200.0    1100.0    1069.0    1000.0        0
4    50000.0    1          2         1   57      0      0      0      0      0      0     8617.0     5670.0    35835.0    20940.0    19146.0    19131.0    2000.0   36681.0   10000.0    9000.0     689.0     679.0        0
2024-10-23 13:26:19.599 | INFO     | __main__:<module>:293 - Data cleaning script completed successfully
2024-10-23 13:35:38.248 | INFO     | credit_default.utils:load_config:71 - Loaded configuration from project_config.yml
2024-10-23 13:35:38.250 | INFO     | __main__:<module>:261 - Loaded configuration from {'catalog_name': 'maven', 'schema_name': 'default', 'parameters': {'learning_rate': 0.05, 'random_state': 42}, 'num_features': [{'name': 'LIMIT_BAL', 'dtype': 'float64'}, {'name': 'SEX', 'dtype': 'int64'}, {'name': 'EDUCATION', 'dtype': 'int64'}, {'name': 'MARRIAGE', 'dtype': 'int64'}, {'name': 'AGE', 'dtype': 'int64'}, {'name': 'PAY_0', 'dtype': 'int64'}, {'name': 'PAY_2', 'dtype': 'int64'}, {'name': 'PAY_3', 'dtype': 'int64'}, {'name': 'PAY_4', 'dtype': 'int64'}, {'name': 'PAY_5', 'dtype': 'int64'}, {'name': 'PAY_6', 'dtype': 'int64'}, {'name': 'BILL_AMT1', 'dtype': 'float64'}, {'name': 'BILL_AMT2', 'dtype': 'float64'}, {'name': 'BILL_AMT3', 'dtype': 'float64'}, {'name': 'BILL_AMT4', 'dtype': 'float64'}, {'name': 'BILL_AMT5', 'dtype': 'float64'}, {'name': 'BILL_AMT6', 'dtype': 'float64'}, {'name': 'PAY_AMT1', 'dtype': 'float64'}, {'name': 'PAY_AMT2', 'dtype': 'float64'}, {'name': 'PAY_AMT3', 'dtype': 'float64'}, {'name': 'PAY_AMT4', 'dtype': 'float64'}, {'name': 'PAY_AMT5', 'dtype': 'float64'}, {'name': 'PAY_AMT6', 'dtype': 'float64'}], 'target': [{'name': 'default.payment.next.month', 'dtype': 'int64'}], 'columns_to_drop': ['ID']}
2024-10-23 13:35:38.250 | INFO     | __main__:_validate_and_setup_config:63 - Validating configuration settings
2024-10-23 13:35:38.250 | INFO     | __main__:_load_data:105 - Loading data from data/data.csv
2024-10-23 13:35:38.294 | INFO     | __main__:_validate_dataframe:124 - Validating DataFrame structure and content
2024-10-23 13:35:38.296 | INFO     | __main__:preprocess_data:169 - Starting data preprocessing
2024-10-23 13:35:38.296 | INFO     | __main__:_drop_columns:188 - Dropping columns: ID
2024-10-23 13:35:38.297 | INFO     | __main__:_rename_target_column:193 - Renaming target column 'default.payment.next.month' to 'Default'
2024-10-23 13:35:38.298 | INFO     | __main__:_capitalize_columns:198 - Capitalizing column names
2024-10-23 13:35:38.298 | INFO     | __main__:_correct_unknown_values:203 - Correcting unknown values for Education, Marriage and Pay columns
2024-10-23 13:35:38.305 | INFO     | __main__:preprocess_data:179 - Data preprocessing completed successfully
2024-10-23 13:35:38.305 | INFO     | __main__:<module>:268 - Data cleaning completed successfully:
2024-10-23 13:35:38.305 | INFO     | __main__:<module>:269 - Final data shape: (30000, 24)
2024-10-23 13:35:38.305 | INFO     | __main__:<module>:270 - Final columns: ['Limit_bal', 'Sex', 'Education', 'Marriage', 'Age', 'Pay_0', 'Pay_2', 'Pay_3', 'Pay_4', 'Pay_5', 'Pay_6', 'Bill_amt1', 'Bill_amt2', 'Bill_amt3', 'Bill_amt4', 'Bill_amt5', 'Bill_amt6', 'Pay_amt1', 'Pay_amt2', 'Pay_amt3', 'Pay_amt4', 'Pay_amt5', 'Pay_amt6', 'Default']
2024-10-23 13:35:38.310 | INFO     | __main__:<module>:271 - Sample of cleaned data:
   Limit_bal  Sex  Education  Marriage  Age  Pay_0  Pay_2  Pay_3  Pay_4  Pay_5  Pay_6  Bill_amt1  Bill_amt2  Bill_amt3  Bill_amt4  Bill_amt5  Bill_amt6  Pay_amt1  Pay_amt2  Pay_amt3  Pay_amt4  Pay_amt5  Pay_amt6  Default
0    20000.0    2          2         1   24      2      2      0      0      0      0     3913.0     3102.0      689.0        0.0        0.0        0.0       0.0     689.0       0.0       0.0       0.0       0.0        1
1   120000.0    2          2         2   26      0      2      0      0      0      2     2682.0     1725.0     2682.0     3272.0     3455.0     3261.0       0.0    1000.0    1000.0    1000.0       0.0    2000.0        1
2    90000.0    2          2         2   34      0      0      0      0      0      0    29239.0    14027.0    13559.0    14331.0    14948.0    15549.0    1518.0    1500.0    1000.0    1000.0    1000.0    5000.0        0
3    50000.0    2          2         1   37      0      0      0      0      0      0    46990.0    48233.0    49291.0    28314.0    28959.0    29547.0    2000.0    2019.0    1200.0    1100.0    1069.0    1000.0        0
4    50000.0    1          2         1   57      0      0      0      0      0      0     8617.0     5670.0    35835.0    20940.0    19146.0    19131.0    2000.0   36681.0   10000.0    9000.0     689.0     679.0        0
2024-10-23 13:35:38.310 | INFO     | __main__:<module>:280 - Data cleaning script completed successfully
2024-10-23 13:36:44.389 | INFO     | credit_default.utils:load_config:71 - Loaded configuration from project_config.yml
2024-10-23 13:36:44.390 | INFO     | __main__:<module>:261 - Loaded configuration from {'catalog_name': 'maven', 'schema_name': 'default', 'parameters': {'learning_rate': 0.05, 'random_state': 42}, 'num_features': [{'name': 'LIMIT_BAL', 'dtype': 'float64'}, {'name': 'SEX', 'dtype': 'int64'}, {'name': 'EDUCATION', 'dtype': 'int64'}, {'name': 'MARRIAGE', 'dtype': 'int64'}, {'name': 'AGE', 'dtype': 'int64'}, {'name': 'PAY_0', 'dtype': 'int64'}, {'name': 'PAY_2', 'dtype': 'int64'}, {'name': 'PAY_3', 'dtype': 'int64'}, {'name': 'PAY_4', 'dtype': 'int64'}, {'name': 'PAY_5', 'dtype': 'int64'}, {'name': 'PAY_6', 'dtype': 'int64'}, {'name': 'BILL_AMT1', 'dtype': 'float64'}, {'name': 'BILL_AMT2', 'dtype': 'float64'}, {'name': 'BILL_AMT3', 'dtype': 'float64'}, {'name': 'BILL_AMT4', 'dtype': 'float64'}, {'name': 'BILL_AMT5', 'dtype': 'float64'}, {'name': 'BILL_AMT6', 'dtype': 'float64'}, {'name': 'PAY_AMT1', 'dtype': 'float64'}, {'name': 'PAY_AMT2', 'dtype': 'float64'}, {'name': 'PAY_AMT3', 'dtype': 'float64'}, {'name': 'PAY_AMT4', 'dtype': 'float64'}, {'name': 'PAY_AMT5', 'dtype': 'float64'}, {'name': 'PAY_AMT6', 'dtype': 'float64'}], 'target': [{'name': 'default.payment.next.month', 'dtype': 'int64'}], 'columns_to_drop': ['ID']}
2024-10-23 13:36:44.390 | INFO     | __main__:_validate_and_setup_config:63 - Validating configuration settings
2024-10-23 13:36:44.390 | INFO     | __main__:_load_data:105 - Loading data from data/data.csv
2024-10-23 13:36:44.435 | INFO     | __main__:_validate_dataframe:124 - Validating DataFrame structure and content
2024-10-23 13:36:44.437 | INFO     | __main__:preprocess_data:169 - Starting data preprocessing
2024-10-23 13:36:44.437 | INFO     | __main__:_drop_columns:188 - Dropping columns: ID
2024-10-23 13:36:44.438 | INFO     | __main__:_rename_target_column:193 - Renaming target column 'default.payment.next.month' to 'Default'
2024-10-23 13:36:44.439 | INFO     | __main__:_capitalize_columns:198 - Capitalizing column names
2024-10-23 13:36:44.440 | INFO     | __main__:_correct_unknown_values:203 - Correcting unknown values for Education, Marriage and Pay columns
2024-10-23 13:36:44.446 | INFO     | __main__:preprocess_data:179 - Data preprocessing completed successfully
2024-10-23 13:36:44.446 | INFO     | __main__:<module>:268 - Data cleaning completed successfully:
2024-10-23 13:36:44.446 | INFO     | __main__:<module>:269 - Final data shape: (30000, 24)
2024-10-23 13:36:44.447 | INFO     | __main__:<module>:270 - Final columns: ['Limit_bal', 'Sex', 'Education', 'Marriage', 'Age', 'Pay_0', 'Pay_2', 'Pay_3', 'Pay_4', 'Pay_5', 'Pay_6', 'Bill_amt1', 'Bill_amt2', 'Bill_amt3', 'Bill_amt4', 'Bill_amt5', 'Bill_amt6', 'Pay_amt1', 'Pay_amt2', 'Pay_amt3', 'Pay_amt4', 'Pay_amt5', 'Pay_amt6', 'Default']
2024-10-23 13:36:44.451 | INFO     | __main__:<module>:271 - Sample of cleaned data:
   Limit_bal  Sex  Education  Marriage  Age  Pay_0  Pay_2  Pay_3  Pay_4  Pay_5  Pay_6  Bill_amt1  Bill_amt2  Bill_amt3  Bill_amt4  Bill_amt5  Bill_amt6  Pay_amt1  Pay_amt2  Pay_amt3  Pay_amt4  Pay_amt5  Pay_amt6  Default
0    20000.0    2          2         1   24      2      2      0      0      0      0     3913.0     3102.0      689.0        0.0        0.0        0.0       0.0     689.0       0.0       0.0       0.0       0.0        1
1   120000.0    2          2         2   26      0      2      0      0      0      2     2682.0     1725.0     2682.0     3272.0     3455.0     3261.0       0.0    1000.0    1000.0    1000.0       0.0    2000.0        1
2    90000.0    2          2         2   34      0      0      0      0      0      0    29239.0    14027.0    13559.0    14331.0    14948.0    15549.0    1518.0    1500.0    1000.0    1000.0    1000.0    5000.0        0
3    50000.0    2          2         1   37      0      0      0      0      0      0    46990.0    48233.0    49291.0    28314.0    28959.0    29547.0    2000.0    2019.0    1200.0    1100.0    1069.0    1000.0        0
4    50000.0    1          2         1   57      0      0      0      0      0      0     8617.0     5670.0    35835.0    20940.0    19146.0    19131.0    2000.0   36681.0   10000.0    9000.0     689.0     679.0        0
2024-10-23 13:36:44.452 | INFO     | __main__:<module>:280 - Data cleaning script completed successfully
