2024-10-21 12:51:29.304 | INFO     | __main__:<module>:106 - Initializing DataPreprocessor with config: {'columns_to_drop': ['ID'], 'target': [{'name': 'default.payment.next.month'}]}
2024-10-21 12:51:29.304 | INFO     | __main__:__init__:41 - Initializing data cleaning process
2024-10-21 12:51:29.304 | INFO     | data_cleaning:validate_config:66 - Validating configuration settings
2024-10-21 12:51:29.304 | INFO     | data_cleaning:load_data:46 - Loading data from data/data.csv
2024-10-21 12:51:29.351 | INFO     | data_cleaning:load_data:52 - File loaded successfully
2024-10-21 12:51:29.351 | INFO     | data_cleaning:validate_columns:85 - Validating if required columns exist in the DataFrame
2024-10-21 12:51:29.353 | INFO     | data_cleaning:preprocess_data:101 - Starting data preprocessing
2024-10-21 12:51:29.353 | INFO     | data_cleaning:_drop_columns:114 - Dropping columns: ID
2024-10-21 12:51:29.356 | INFO     | data_cleaning:_rename_target_column:121 - Renaming target column 'default.payment.next.month' to 'Default'
2024-10-21 12:51:29.358 | INFO     | data_cleaning:_capitalize_columns:126 - Capitalizing column names
2024-10-21 12:51:29.358 | INFO     | data_cleaning:_correct_unknown_values:131 - Correcting unknown values for Education, Marriage and Pay
2024-10-21 12:51:29.362 | INFO     | data_cleaning:preprocess_data:108 - Data preprocessing completed
2024-10-21 12:51:29.362 | INFO     | __main__:__init__:44 - Data cleaning process completed
2024-10-21 12:51:29.364 | INFO     | __main__:__init__:68 - Setting up ColumnTransformer for scaling
2024-10-21 12:51:29.365 | INFO     | __main__:get_processed_data:92 - Retrieving processed data and preprocessor
2024-10-21 12:51:29.365 | INFO     | __main__:<module>:111 - Data preprocessing completed. Shape of X: (30000, 23), Shape of y: (30000,)
2024-10-21 12:51:29.365 | INFO     | __main__:<module>:115 - DataPreprocessor script completed
2024-10-21 13:06:18.452 | INFO     | __main__:<module>:107 - Initializing DataPreprocessor with config: {'columns_to_drop': ['ID'], 'target': [{'name': 'default.payment.next.month'}]}
2024-10-21 13:06:18.452 | INFO     | __main__:__init__:42 - Initializing data cleaning process
2024-10-21 13:06:18.453 | INFO     | data_cleaning:validate_config:67 - Validating configuration settings
2024-10-21 13:06:18.453 | INFO     | data_cleaning:load_data:47 - Loading data from data/data.csv
2024-10-21 13:06:18.497 | INFO     | data_cleaning:load_data:53 - File loaded successfully
2024-10-21 13:06:18.497 | INFO     | data_cleaning:validate_columns:86 - Validating if required columns exist in the DataFrame
2024-10-21 13:06:18.497 | INFO     | data_cleaning:preprocess_data:102 - Starting data preprocessing
2024-10-21 13:06:18.497 | INFO     | data_cleaning:_drop_columns:115 - Dropping columns: ID
2024-10-21 13:06:18.499 | INFO     | data_cleaning:_rename_target_column:122 - Renaming target column 'default.payment.next.month' to 'Default'
2024-10-21 13:06:18.500 | INFO     | data_cleaning:_capitalize_columns:127 - Capitalizing column names
2024-10-21 13:06:18.500 | INFO     | data_cleaning:_correct_unknown_values:132 - Correcting unknown values for Education, Marriage and Pay
2024-10-21 13:06:18.504 | INFO     | data_cleaning:preprocess_data:109 - Data preprocessing completed
2024-10-21 13:06:18.504 | INFO     | __main__:__init__:45 - Data cleaning process completed
2024-10-21 13:06:18.505 | INFO     | __main__:__init__:69 - Setting up ColumnTransformer for scaling
2024-10-21 13:06:18.506 | INFO     | __main__:get_processed_data:93 - Retrieving processed data and preprocessor
2024-10-21 13:06:18.506 | INFO     | __main__:<module>:112 - Data preprocessing completed. Shape of X: (30000, 23), Shape of y: (30000,)
2024-10-21 13:06:18.506 | INFO     | __main__:<module>:116 - DataPreprocessor script completed
2024-10-21 13:09:55.525 | INFO     | __main__:<module>:108 - Initializing DataPreprocessor with config: {'columns_to_drop': ['ID'], 'target': [{'name': 'default.payment.next.month'}]}
2024-10-21 13:09:55.525 | INFO     | __main__:__init__:43 - Initializing data cleaning process
2024-10-21 13:09:55.525 | INFO     | src.credit_default.data_cleaning:validate_config:67 - Validating configuration settings
2024-10-21 13:09:55.525 | INFO     | src.credit_default.data_cleaning:load_data:47 - Loading data from data/data.csv
2024-10-21 13:09:55.569 | INFO     | src.credit_default.data_cleaning:load_data:53 - File loaded successfully
2024-10-21 13:09:55.569 | INFO     | src.credit_default.data_cleaning:validate_columns:86 - Validating if required columns exist in the DataFrame
2024-10-21 13:09:55.570 | INFO     | src.credit_default.data_cleaning:preprocess_data:102 - Starting data preprocessing
2024-10-21 13:09:55.570 | INFO     | src.credit_default.data_cleaning:_drop_columns:115 - Dropping columns: ID
2024-10-21 13:09:55.571 | INFO     | src.credit_default.data_cleaning:_rename_target_column:122 - Renaming target column 'default.payment.next.month' to 'Default'
2024-10-21 13:09:55.572 | INFO     | src.credit_default.data_cleaning:_capitalize_columns:127 - Capitalizing column names
2024-10-21 13:09:55.573 | INFO     | src.credit_default.data_cleaning:_correct_unknown_values:132 - Correcting unknown values for Education, Marriage and Pay
2024-10-21 13:09:55.576 | INFO     | src.credit_default.data_cleaning:preprocess_data:109 - Data preprocessing completed
2024-10-21 13:09:55.576 | INFO     | __main__:__init__:46 - Data cleaning process completed
2024-10-21 13:09:55.578 | INFO     | __main__:__init__:70 - Setting up ColumnTransformer for scaling
2024-10-21 13:09:55.578 | INFO     | __main__:get_processed_data:94 - Retrieving processed data and preprocessor
2024-10-21 13:09:55.578 | INFO     | __main__:<module>:113 - Data preprocessing completed. Shape of X: (30000, 23), Shape of y: (30000,)
2024-10-21 13:09:55.578 | INFO     | __main__:<module>:117 - DataPreprocessor script completed
2024-10-21 13:17:11.331 | INFO     | __main__:<module>:107 - Initializing DataPreprocessor with config: {'columns_to_drop': ['ID'], 'target': [{'name': 'default.payment.next.month'}]}
2024-10-21 13:17:11.331 | INFO     | __main__:__init__:42 - Initializing data cleaning process
2024-10-21 13:17:11.331 | INFO     | data_cleaning:validate_config:67 - Validating configuration settings
2024-10-21 13:17:11.331 | INFO     | data_cleaning:load_data:47 - Loading data from data/data.csv
2024-10-21 13:17:11.374 | INFO     | data_cleaning:load_data:53 - File loaded successfully
2024-10-21 13:17:11.375 | INFO     | data_cleaning:validate_columns:86 - Validating if required columns exist in the DataFrame
2024-10-21 13:17:11.375 | INFO     | data_cleaning:preprocess_data:102 - Starting data preprocessing
2024-10-21 13:17:11.375 | INFO     | data_cleaning:_drop_columns:115 - Dropping columns: ID
2024-10-21 13:17:11.377 | INFO     | data_cleaning:_rename_target_column:122 - Renaming target column 'default.payment.next.month' to 'Default'
2024-10-21 13:17:11.378 | INFO     | data_cleaning:_capitalize_columns:127 - Capitalizing column names
2024-10-21 13:17:11.379 | INFO     | data_cleaning:_correct_unknown_values:132 - Correcting unknown values for Education, Marriage and Pay
2024-10-21 13:17:11.382 | INFO     | data_cleaning:preprocess_data:109 - Data preprocessing completed
2024-10-21 13:17:11.383 | INFO     | __main__:__init__:45 - Data cleaning process completed
2024-10-21 13:17:11.385 | INFO     | __main__:__init__:69 - Setting up ColumnTransformer for scaling
2024-10-21 13:17:11.385 | INFO     | __main__:get_processed_data:93 - Retrieving processed data and preprocessor
2024-10-21 13:17:11.385 | INFO     | __main__:<module>:112 - Data preprocessing completed. Shape of X: (30000, 23), Shape of y: (30000,)
2024-10-21 13:17:11.385 | INFO     | __main__:<module>:116 - DataPreprocessor script completed
2024-10-21 13:20:27.563 | INFO     | __main__:<module>:108 - Initializing DataPreprocessor with config: {'columns_to_drop': ['ID'], 'target': [{'name': 'default.payment.next.month'}]}
2024-10-21 13:20:27.563 | INFO     | __main__:__init__:43 - Initializing data cleaning process
2024-10-21 13:20:27.563 | INFO     | src.credit_default.data_cleaning:validate_config:67 - Validating configuration settings
2024-10-21 13:20:27.563 | INFO     | src.credit_default.data_cleaning:load_data:47 - Loading data from data/data.csv
2024-10-21 13:20:27.635 | INFO     | src.credit_default.data_cleaning:load_data:53 - File loaded successfully
2024-10-21 13:20:27.636 | INFO     | src.credit_default.data_cleaning:validate_columns:86 - Validating if required columns exist in the DataFrame
2024-10-21 13:20:27.636 | INFO     | src.credit_default.data_cleaning:preprocess_data:102 - Starting data preprocessing
2024-10-21 13:20:27.636 | INFO     | src.credit_default.data_cleaning:_drop_columns:115 - Dropping columns: ID
2024-10-21 13:20:27.639 | INFO     | src.credit_default.data_cleaning:_rename_target_column:122 - Renaming target column 'default.payment.next.month' to 'Default'
2024-10-21 13:20:27.641 | INFO     | src.credit_default.data_cleaning:_capitalize_columns:127 - Capitalizing column names
2024-10-21 13:20:27.642 | INFO     | src.credit_default.data_cleaning:_correct_unknown_values:132 - Correcting unknown values for Education, Marriage and Pay
2024-10-21 13:20:27.649 | INFO     | src.credit_default.data_cleaning:preprocess_data:109 - Data preprocessing completed
2024-10-21 13:20:27.650 | INFO     | __main__:__init__:46 - Data cleaning process completed
2024-10-21 13:20:27.654 | INFO     | __main__:__init__:70 - Setting up ColumnTransformer for scaling
2024-10-21 13:20:27.654 | INFO     | __main__:get_processed_data:94 - Retrieving processed data and preprocessor
2024-10-21 13:20:27.654 | INFO     | __main__:<module>:113 - Data preprocessing completed. Shape of X: (30000, 23), Shape of y: (30000,)
2024-10-21 13:20:27.654 | INFO     | __main__:<module>:117 - DataPreprocessor script completed
2024-10-21 13:32:33.524 | INFO     | __main__:<module>:108 - Initializing DataPreprocessor with config: {'columns_to_drop': ['ID'], 'target': [{'name': 'default.payment.next.month'}]}
2024-10-21 13:32:33.526 | INFO     | __main__:__init__:43 - Initializing data cleaning process
2024-10-21 13:32:33.526 | INFO     | data_cleaning:validate_config:67 - Validating configuration settings
2024-10-21 13:32:33.526 | INFO     | data_cleaning:load_data:47 - Loading data from data/data.csv
2024-10-21 13:32:33.606 | INFO     | data_cleaning:load_data:53 - File loaded successfully
2024-10-21 13:32:33.606 | INFO     | data_cleaning:validate_columns:86 - Validating if required columns exist in the DataFrame
2024-10-21 13:32:33.608 | INFO     | data_cleaning:preprocess_data:102 - Starting data preprocessing
2024-10-21 13:32:33.608 | INFO     | data_cleaning:_drop_columns:115 - Dropping columns: ID
2024-10-21 13:32:33.611 | INFO     | data_cleaning:_rename_target_column:122 - Renaming target column 'default.payment.next.month' to 'Default'
2024-10-21 13:32:33.613 | INFO     | data_cleaning:_capitalize_columns:127 - Capitalizing column names
2024-10-21 13:32:33.613 | INFO     | data_cleaning:_correct_unknown_values:132 - Correcting unknown values for Education, Marriage and Pay
2024-10-21 13:32:33.618 | INFO     | data_cleaning:preprocess_data:109 - Data preprocessing completed
2024-10-21 13:32:33.619 | INFO     | __main__:__init__:46 - Data cleaning process completed
2024-10-21 13:32:33.621 | INFO     | __main__:__init__:70 - Setting up ColumnTransformer for scaling
2024-10-21 13:32:33.621 | INFO     | __main__:get_processed_data:94 - Retrieving processed data and preprocessor
2024-10-21 13:32:33.622 | INFO     | __main__:<module>:113 - Data preprocessing completed. Shape of X: (30000, 23), Shape of y: (30000,)
2024-10-21 13:32:33.622 | INFO     | __main__:<module>:117 - DataPreprocessor script completed
2024-10-21 14:11:18.845 | INFO     | __main__:<module>:113 - Initializing DataPreprocessor with config: {'catalog_name': 'maven', 'schema_name': 'default', 'parameters': {'learning_rate': 0.05, 'random_state': 42}, 'num_features': [{'name': 'LIMIT_BAL', 'dtype': 'float64'}, {'name': 'SEX', 'dtype': 'int64'}, {'name': 'EDUCATION', 'dtype': 'int64'}, {'name': 'MARRIAGE', 'dtype': 'int64'}, {'name': 'AGE', 'dtype': 'int64'}, {'name': 'PAY_0', 'dtype': 'int64'}, {'name': 'PAY_2', 'dtype': 'int64'}, {'name': 'PAY_3', 'dtype': 'int64'}, {'name': 'PAY_4', 'dtype': 'int64'}, {'name': 'PAY_5', 'dtype': 'int64'}, {'name': 'PAY_6', 'dtype': 'int64'}, {'name': 'BILL_AMT1', 'dtype': 'float64'}, {'name': 'BILL_AMT2', 'dtype': 'float64'}, {'name': 'BILL_AMT3', 'dtype': 'float64'}, {'name': 'BILL_AMT4', 'dtype': 'float64'}, {'name': 'BILL_AMT5', 'dtype': 'float64'}, {'name': 'BILL_AMT6', 'dtype': 'float64'}, {'name': 'PAY_AMT1', 'dtype': 'float64'}, {'name': 'PAY_AMT2', 'dtype': 'float64'}, {'name': 'PAY_AMT3', 'dtype': 'float64'}, {'name': 'PAY_AMT4', 'dtype': 'float64'}, {'name': 'PAY_AMT5', 'dtype': 'float64'}, {'name': 'PAY_AMT6', 'dtype': 'float64'}], 'target': [{'name': 'default.payment.next.month', 'dtype': 'int64'}], 'columns_to_drop': ['ID']}
2024-10-21 14:11:18.846 | INFO     | __main__:__init__:45 - Initializing data cleaning process
2024-10-21 14:11:18.846 | INFO     | src.credit_default.data_cleaning:validate_config:69 - Validating configuration settings
2024-10-21 14:11:18.847 | INFO     | src.credit_default.data_cleaning:load_data:49 - Loading data from data/data.csv
2024-10-21 14:11:18.896 | INFO     | src.credit_default.data_cleaning:load_data:55 - File loaded successfully
2024-10-21 14:11:18.896 | INFO     | src.credit_default.data_cleaning:validate_columns:88 - Validating if required columns exist in the DataFrame
2024-10-21 14:11:18.897 | INFO     | src.credit_default.data_cleaning:preprocess_data:104 - Starting data preprocessing
2024-10-21 14:11:18.897 | INFO     | src.credit_default.data_cleaning:_drop_columns:117 - Dropping columns: ID
2024-10-21 14:11:18.898 | INFO     | src.credit_default.data_cleaning:_rename_target_column:124 - Renaming target column 'default.payment.next.month' to 'Default'
2024-10-21 14:11:18.899 | INFO     | src.credit_default.data_cleaning:_capitalize_columns:129 - Capitalizing column names
2024-10-21 14:11:18.899 | INFO     | src.credit_default.data_cleaning:_correct_unknown_values:134 - Correcting unknown values for Education, Marriage and Pay
2024-10-21 14:11:18.903 | INFO     | src.credit_default.data_cleaning:preprocess_data:111 - Data preprocessing completed
2024-10-21 14:11:18.903 | INFO     | __main__:__init__:48 - Data cleaning process completed
2024-10-21 14:11:18.904 | INFO     | __main__:__init__:72 - Setting up ColumnTransformer for scaling
2024-10-21 14:11:18.904 | INFO     | __main__:get_processed_data:96 - Retrieving processed data and preprocessor
2024-10-21 14:11:18.905 | INFO     | __main__:<module>:118 - Data preprocessing completed. Shape of X: (30000, 23), Shape of y: (30000,)
2024-10-21 14:11:18.905 | INFO     | __main__:<module>:122 - DataPreprocessor script completed
2024-10-23 10:36:02.632 | INFO     | __main__:<module>:113 - Initializing DataPreprocessor with config: {'catalog_name': 'maven', 'schema_name': 'default', 'parameters': {'learning_rate': 0.05, 'random_state': 42}, 'num_features': [{'name': 'LIMIT_BAL', 'dtype': 'float64'}, {'name': 'SEX', 'dtype': 'int64'}, {'name': 'EDUCATION', 'dtype': 'int64'}, {'name': 'MARRIAGE', 'dtype': 'int64'}, {'name': 'AGE', 'dtype': 'int64'}, {'name': 'PAY_0', 'dtype': 'int64'}, {'name': 'PAY_2', 'dtype': 'int64'}, {'name': 'PAY_3', 'dtype': 'int64'}, {'name': 'PAY_4', 'dtype': 'int64'}, {'name': 'PAY_5', 'dtype': 'int64'}, {'name': 'PAY_6', 'dtype': 'int64'}, {'name': 'BILL_AMT1', 'dtype': 'float64'}, {'name': 'BILL_AMT2', 'dtype': 'float64'}, {'name': 'BILL_AMT3', 'dtype': 'float64'}, {'name': 'BILL_AMT4', 'dtype': 'float64'}, {'name': 'BILL_AMT5', 'dtype': 'float64'}, {'name': 'BILL_AMT6', 'dtype': 'float64'}, {'name': 'PAY_AMT1', 'dtype': 'float64'}, {'name': 'PAY_AMT2', 'dtype': 'float64'}, {'name': 'PAY_AMT3', 'dtype': 'float64'}, {'name': 'PAY_AMT4', 'dtype': 'float64'}, {'name': 'PAY_AMT5', 'dtype': 'float64'}, {'name': 'PAY_AMT6', 'dtype': 'float64'}], 'target': [{'name': 'default.payment.next.month', 'dtype': 'int64'}], 'columns_to_drop': ['ID']}
2024-10-23 10:36:02.633 | INFO     | __main__:__init__:45 - Initializing data cleaning process
2024-10-23 10:36:02.633 | INFO     | src.credit_default.data_cleaning:validate_config:69 - Validating configuration settings
2024-10-23 10:36:02.633 | INFO     | src.credit_default.data_cleaning:load_data:49 - Loading data from data/data.csv
2024-10-23 10:36:02.684 | INFO     | src.credit_default.data_cleaning:load_data:55 - File loaded successfully
2024-10-23 10:36:02.684 | INFO     | src.credit_default.data_cleaning:validate_columns:88 - Validating if required columns exist in the DataFrame
2024-10-23 10:36:02.685 | INFO     | src.credit_default.data_cleaning:preprocess_data:104 - Starting data preprocessing
2024-10-23 10:36:02.685 | INFO     | src.credit_default.data_cleaning:_drop_columns:117 - Dropping columns: ID
2024-10-23 10:36:02.688 | INFO     | src.credit_default.data_cleaning:_rename_target_column:124 - Renaming target column 'default.payment.next.month' to 'Default'
2024-10-23 10:36:02.690 | INFO     | src.credit_default.data_cleaning:_capitalize_columns:129 - Capitalizing column names
2024-10-23 10:36:02.690 | INFO     | src.credit_default.data_cleaning:_correct_unknown_values:134 - Correcting unknown values for Education, Marriage and Pay
2024-10-23 10:36:02.694 | INFO     | src.credit_default.data_cleaning:preprocess_data:111 - Data preprocessing completed
2024-10-23 10:36:02.694 | INFO     | __main__:__init__:48 - Data cleaning process completed
2024-10-23 10:36:02.697 | INFO     | __main__:__init__:72 - Setting up ColumnTransformer for scaling
2024-10-23 10:36:02.697 | INFO     | __main__:get_processed_data:96 - Retrieving processed data and preprocessor
2024-10-23 10:36:02.697 | INFO     | __main__:<module>:118 - Data preprocessing completed. Shape of X: (30000, 23), Shape of y: (30000,)
2024-10-23 10:36:02.697 | INFO     | __main__:<module>:122 - DataPreprocessor script completed
2024-10-23 10:38:36.994 | INFO     | __main__:<module>:113 - Initializing DataPreprocessor with config: {'catalog_name': 'maven', 'schema_name': 'default', 'parameters': {'learning_rate': 0.05, 'random_state': 42}, 'num_features': [{'name': 'LIMIT_BAL', 'dtype': 'float64'}, {'name': 'SEX', 'dtype': 'int64'}, {'name': 'EDUCATION', 'dtype': 'int64'}, {'name': 'MARRIAGE', 'dtype': 'int64'}, {'name': 'AGE', 'dtype': 'int64'}, {'name': 'PAY_0', 'dtype': 'int64'}, {'name': 'PAY_2', 'dtype': 'int64'}, {'name': 'PAY_3', 'dtype': 'int64'}, {'name': 'PAY_4', 'dtype': 'int64'}, {'name': 'PAY_5', 'dtype': 'int64'}, {'name': 'PAY_6', 'dtype': 'int64'}, {'name': 'BILL_AMT1', 'dtype': 'float64'}, {'name': 'BILL_AMT2', 'dtype': 'float64'}, {'name': 'BILL_AMT3', 'dtype': 'float64'}, {'name': 'BILL_AMT4', 'dtype': 'float64'}, {'name': 'BILL_AMT5', 'dtype': 'float64'}, {'name': 'BILL_AMT6', 'dtype': 'float64'}, {'name': 'PAY_AMT1', 'dtype': 'float64'}, {'name': 'PAY_AMT2', 'dtype': 'float64'}, {'name': 'PAY_AMT3', 'dtype': 'float64'}, {'name': 'PAY_AMT4', 'dtype': 'float64'}, {'name': 'PAY_AMT5', 'dtype': 'float64'}, {'name': 'PAY_AMT6', 'dtype': 'float64'}], 'target': [{'name': 'default.payment.next.month', 'dtype': 'int64'}], 'columns_to_drop': ['ID']}
2024-10-23 10:38:36.994 | INFO     | __main__:__init__:45 - Initializing data cleaning process
2024-10-23 10:38:36.995 | INFO     | data_cleaning:validate_config:69 - Validating configuration settings
2024-10-23 10:38:36.995 | INFO     | data_cleaning:load_data:49 - Loading data from data/data.csv
2024-10-23 10:38:37.040 | INFO     | data_cleaning:load_data:55 - File loaded successfully
2024-10-23 10:38:37.041 | INFO     | data_cleaning:validate_columns:88 - Validating if required columns exist in the DataFrame
2024-10-23 10:38:37.042 | INFO     | data_cleaning:preprocess_data:104 - Starting data preprocessing
2024-10-23 10:38:37.042 | INFO     | data_cleaning:_drop_columns:117 - Dropping columns: ID
2024-10-23 10:38:37.044 | INFO     | data_cleaning:_rename_target_column:124 - Renaming target column 'default.payment.next.month' to 'Default'
2024-10-23 10:38:37.045 | INFO     | data_cleaning:_capitalize_columns:129 - Capitalizing column names
2024-10-23 10:38:37.046 | INFO     | data_cleaning:_correct_unknown_values:134 - Correcting unknown values for Education, Marriage and Pay
2024-10-23 10:38:37.050 | INFO     | data_cleaning:preprocess_data:111 - Data preprocessing completed
2024-10-23 10:38:37.050 | INFO     | __main__:__init__:48 - Data cleaning process completed
2024-10-23 10:38:37.052 | INFO     | __main__:__init__:72 - Setting up ColumnTransformer for scaling
2024-10-23 10:38:37.052 | INFO     | __main__:get_processed_data:96 - Retrieving processed data and preprocessor
2024-10-23 10:38:37.052 | INFO     | __main__:<module>:118 - Data preprocessing completed. Shape of X: (30000, 23), Shape of y: (30000,)
2024-10-23 10:38:37.052 | INFO     | __main__:<module>:122 - DataPreprocessor script completed
2024-10-23 10:50:23.902 | INFO     | __main__:<module>:113 - Initializing DataPreprocessor with config: {'catalog_name': 'maven', 'schema_name': 'default', 'parameters': {'learning_rate': 0.05, 'random_state': 42}, 'num_features': [{'name': 'LIMIT_BAL', 'dtype': 'float64'}, {'name': 'SEX', 'dtype': 'int64'}, {'name': 'EDUCATION', 'dtype': 'int64'}, {'name': 'MARRIAGE', 'dtype': 'int64'}, {'name': 'AGE', 'dtype': 'int64'}, {'name': 'PAY_0', 'dtype': 'int64'}, {'name': 'PAY_2', 'dtype': 'int64'}, {'name': 'PAY_3', 'dtype': 'int64'}, {'name': 'PAY_4', 'dtype': 'int64'}, {'name': 'PAY_5', 'dtype': 'int64'}, {'name': 'PAY_6', 'dtype': 'int64'}, {'name': 'BILL_AMT1', 'dtype': 'float64'}, {'name': 'BILL_AMT2', 'dtype': 'float64'}, {'name': 'BILL_AMT3', 'dtype': 'float64'}, {'name': 'BILL_AMT4', 'dtype': 'float64'}, {'name': 'BILL_AMT5', 'dtype': 'float64'}, {'name': 'BILL_AMT6', 'dtype': 'float64'}, {'name': 'PAY_AMT1', 'dtype': 'float64'}, {'name': 'PAY_AMT2', 'dtype': 'float64'}, {'name': 'PAY_AMT3', 'dtype': 'float64'}, {'name': 'PAY_AMT4', 'dtype': 'float64'}, {'name': 'PAY_AMT5', 'dtype': 'float64'}, {'name': 'PAY_AMT6', 'dtype': 'float64'}], 'target': [{'name': 'default.payment.next.month', 'dtype': 'int64'}], 'columns_to_drop': ['ID']}
2024-10-23 10:50:23.903 | INFO     | __main__:__init__:45 - Initializing data cleaning process
2024-10-23 10:50:23.903 | INFO     | src.credit_default.data_cleaning:validate_config:69 - Validating configuration settings
2024-10-23 10:50:23.903 | INFO     | src.credit_default.data_cleaning:load_data:49 - Loading data from data/data.csv
2024-10-23 10:50:23.945 | INFO     | src.credit_default.data_cleaning:load_data:55 - File loaded successfully
2024-10-23 10:50:23.946 | INFO     | src.credit_default.data_cleaning:validate_columns:88 - Validating if required columns exist in the DataFrame
2024-10-23 10:50:23.947 | INFO     | src.credit_default.data_cleaning:preprocess_data:104 - Starting data preprocessing
2024-10-23 10:50:23.947 | INFO     | src.credit_default.data_cleaning:_drop_columns:117 - Dropping columns: ID
2024-10-23 10:50:23.950 | INFO     | src.credit_default.data_cleaning:_rename_target_column:124 - Renaming target column 'default.payment.next.month' to 'Default'
2024-10-23 10:50:23.951 | INFO     | src.credit_default.data_cleaning:_capitalize_columns:129 - Capitalizing column names
2024-10-23 10:50:23.952 | INFO     | src.credit_default.data_cleaning:_correct_unknown_values:134 - Correcting unknown values for Education, Marriage and Pay
2024-10-23 10:50:23.956 | INFO     | src.credit_default.data_cleaning:preprocess_data:111 - Data preprocessing completed
2024-10-23 10:50:23.956 | INFO     | __main__:__init__:48 - Data cleaning process completed
2024-10-23 10:50:23.958 | INFO     | __main__:__init__:72 - Setting up ColumnTransformer for scaling
2024-10-23 10:50:23.958 | INFO     | __main__:get_processed_data:96 - Retrieving processed data and preprocessor
2024-10-23 10:50:23.958 | INFO     | __main__:<module>:118 - Data preprocessing completed. Shape of X: (30000, 23), Shape of y: (30000,)
2024-10-23 10:50:23.959 | INFO     | __main__:<module>:122 - DataPreprocessor script completed
2024-10-23 11:11:23.428 | INFO     | __main__:<module>:113 - Initializing DataPreprocessor with config: {'catalog_name': 'maven', 'schema_name': 'default', 'parameters': {'learning_rate': 0.05, 'random_state': 42}, 'num_features': [{'name': 'LIMIT_BAL', 'dtype': 'float64'}, {'name': 'SEX', 'dtype': 'int64'}, {'name': 'EDUCATION', 'dtype': 'int64'}, {'name': 'MARRIAGE', 'dtype': 'int64'}, {'name': 'AGE', 'dtype': 'int64'}, {'name': 'PAY_0', 'dtype': 'int64'}, {'name': 'PAY_2', 'dtype': 'int64'}, {'name': 'PAY_3', 'dtype': 'int64'}, {'name': 'PAY_4', 'dtype': 'int64'}, {'name': 'PAY_5', 'dtype': 'int64'}, {'name': 'PAY_6', 'dtype': 'int64'}, {'name': 'BILL_AMT1', 'dtype': 'float64'}, {'name': 'BILL_AMT2', 'dtype': 'float64'}, {'name': 'BILL_AMT3', 'dtype': 'float64'}, {'name': 'BILL_AMT4', 'dtype': 'float64'}, {'name': 'BILL_AMT5', 'dtype': 'float64'}, {'name': 'BILL_AMT6', 'dtype': 'float64'}, {'name': 'PAY_AMT1', 'dtype': 'float64'}, {'name': 'PAY_AMT2', 'dtype': 'float64'}, {'name': 'PAY_AMT3', 'dtype': 'float64'}, {'name': 'PAY_AMT4', 'dtype': 'float64'}, {'name': 'PAY_AMT5', 'dtype': 'float64'}, {'name': 'PAY_AMT6', 'dtype': 'float64'}], 'target': [{'name': 'default.payment.next.month', 'dtype': 'int64'}], 'columns_to_drop': ['ID']}
2024-10-23 11:11:23.429 | INFO     | __main__:__init__:45 - Initializing data cleaning process
2024-10-23 11:11:23.429 | INFO     | src.credit_default.data_cleaning:validate_config:69 - Validating configuration settings
2024-10-23 11:11:23.430 | INFO     | src.credit_default.data_cleaning:load_data:49 - Loading data from data/data.csv
2024-10-23 11:11:23.480 | INFO     | src.credit_default.data_cleaning:load_data:55 - File loaded successfully
2024-10-23 11:11:23.481 | INFO     | src.credit_default.data_cleaning:validate_columns:88 - Validating if required columns exist in the DataFrame
2024-10-23 11:11:23.482 | INFO     | src.credit_default.data_cleaning:preprocess_data:104 - Starting data preprocessing
2024-10-23 11:11:23.482 | INFO     | src.credit_default.data_cleaning:_drop_columns:117 - Dropping columns: ID
2024-10-23 11:11:23.484 | INFO     | src.credit_default.data_cleaning:_rename_target_column:124 - Renaming target column 'default.payment.next.month' to 'Default'
2024-10-23 11:11:23.485 | INFO     | src.credit_default.data_cleaning:_capitalize_columns:129 - Capitalizing column names
2024-10-23 11:11:23.485 | INFO     | src.credit_default.data_cleaning:_correct_unknown_values:134 - Correcting unknown values for Education, Marriage and Pay
2024-10-23 11:11:23.489 | INFO     | src.credit_default.data_cleaning:preprocess_data:111 - Data preprocessing completed
2024-10-23 11:11:23.489 | INFO     | __main__:__init__:48 - Data cleaning process completed
2024-10-23 11:11:23.491 | INFO     | __main__:__init__:72 - Setting up ColumnTransformer for scaling
2024-10-23 11:11:23.491 | INFO     | __main__:get_processed_data:96 - Retrieving processed data and preprocessor
2024-10-23 11:11:23.491 | INFO     | __main__:<module>:118 - Data preprocessing completed. Shape of X: (30000, 23), Shape of y: (30000,)
2024-10-23 11:11:23.491 | INFO     | __main__:<module>:122 - DataPreprocessor script completed
2024-10-23 11:13:44.669 | INFO     | __main__:<module>:113 - Initializing DataPreprocessor with config: {'catalog_name': 'maven', 'schema_name': 'default', 'parameters': {'learning_rate': 0.05, 'random_state': 42}, 'num_features': [{'name': 'LIMIT_BAL', 'dtype': 'float64'}, {'name': 'SEX', 'dtype': 'int64'}, {'name': 'EDUCATION', 'dtype': 'int64'}, {'name': 'MARRIAGE', 'dtype': 'int64'}, {'name': 'AGE', 'dtype': 'int64'}, {'name': 'PAY_0', 'dtype': 'int64'}, {'name': 'PAY_2', 'dtype': 'int64'}, {'name': 'PAY_3', 'dtype': 'int64'}, {'name': 'PAY_4', 'dtype': 'int64'}, {'name': 'PAY_5', 'dtype': 'int64'}, {'name': 'PAY_6', 'dtype': 'int64'}, {'name': 'BILL_AMT1', 'dtype': 'float64'}, {'name': 'BILL_AMT2', 'dtype': 'float64'}, {'name': 'BILL_AMT3', 'dtype': 'float64'}, {'name': 'BILL_AMT4', 'dtype': 'float64'}, {'name': 'BILL_AMT5', 'dtype': 'float64'}, {'name': 'BILL_AMT6', 'dtype': 'float64'}, {'name': 'PAY_AMT1', 'dtype': 'float64'}, {'name': 'PAY_AMT2', 'dtype': 'float64'}, {'name': 'PAY_AMT3', 'dtype': 'float64'}, {'name': 'PAY_AMT4', 'dtype': 'float64'}, {'name': 'PAY_AMT5', 'dtype': 'float64'}, {'name': 'PAY_AMT6', 'dtype': 'float64'}], 'target': [{'name': 'default.payment.next.month', 'dtype': 'int64'}], 'columns_to_drop': ['ID']}
2024-10-23 11:13:44.670 | INFO     | __main__:__init__:45 - Initializing data cleaning process
2024-10-23 11:13:44.670 | INFO     | credit_default.data_cleaning:validate_config:69 - Validating configuration settings
2024-10-23 11:13:44.670 | INFO     | credit_default.data_cleaning:load_data:49 - Loading data from data/data.csv
2024-10-23 11:13:44.721 | INFO     | credit_default.data_cleaning:load_data:55 - File loaded successfully
2024-10-23 11:13:44.721 | INFO     | credit_default.data_cleaning:validate_columns:88 - Validating if required columns exist in the DataFrame
2024-10-23 11:13:44.722 | INFO     | credit_default.data_cleaning:preprocess_data:104 - Starting data preprocessing
2024-10-23 11:13:44.723 | INFO     | credit_default.data_cleaning:_drop_columns:117 - Dropping columns: ID
2024-10-23 11:13:44.726 | INFO     | credit_default.data_cleaning:_rename_target_column:124 - Renaming target column 'default.payment.next.month' to 'Default'
2024-10-23 11:13:44.727 | INFO     | credit_default.data_cleaning:_capitalize_columns:129 - Capitalizing column names
2024-10-23 11:13:44.727 | INFO     | credit_default.data_cleaning:_correct_unknown_values:134 - Correcting unknown values for Education, Marriage and Pay
2024-10-23 11:13:44.731 | INFO     | credit_default.data_cleaning:preprocess_data:111 - Data preprocessing completed
2024-10-23 11:13:44.732 | INFO     | __main__:__init__:48 - Data cleaning process completed
2024-10-23 11:13:44.733 | INFO     | __main__:__init__:72 - Setting up ColumnTransformer for scaling
2024-10-23 11:13:44.734 | INFO     | __main__:get_processed_data:96 - Retrieving processed data and preprocessor
2024-10-23 11:13:44.734 | INFO     | __main__:<module>:118 - Data preprocessing completed. Shape of X: (30000, 23), Shape of y: (30000,)
2024-10-23 11:13:44.734 | INFO     | __main__:<module>:122 - DataPreprocessor script completed
2024-10-23 11:19:49.001 | INFO     | __main__:<module>:113 - Initializing DataPreprocessor with config: {'catalog_name': 'maven', 'schema_name': 'default', 'parameters': {'learning_rate': 0.05, 'random_state': 42}, 'num_features': [{'name': 'LIMIT_BAL', 'dtype': 'float64'}, {'name': 'SEX', 'dtype': 'int64'}, {'name': 'EDUCATION', 'dtype': 'int64'}, {'name': 'MARRIAGE', 'dtype': 'int64'}, {'name': 'AGE', 'dtype': 'int64'}, {'name': 'PAY_0', 'dtype': 'int64'}, {'name': 'PAY_2', 'dtype': 'int64'}, {'name': 'PAY_3', 'dtype': 'int64'}, {'name': 'PAY_4', 'dtype': 'int64'}, {'name': 'PAY_5', 'dtype': 'int64'}, {'name': 'PAY_6', 'dtype': 'int64'}, {'name': 'BILL_AMT1', 'dtype': 'float64'}, {'name': 'BILL_AMT2', 'dtype': 'float64'}, {'name': 'BILL_AMT3', 'dtype': 'float64'}, {'name': 'BILL_AMT4', 'dtype': 'float64'}, {'name': 'BILL_AMT5', 'dtype': 'float64'}, {'name': 'BILL_AMT6', 'dtype': 'float64'}, {'name': 'PAY_AMT1', 'dtype': 'float64'}, {'name': 'PAY_AMT2', 'dtype': 'float64'}, {'name': 'PAY_AMT3', 'dtype': 'float64'}, {'name': 'PAY_AMT4', 'dtype': 'float64'}, {'name': 'PAY_AMT5', 'dtype': 'float64'}, {'name': 'PAY_AMT6', 'dtype': 'float64'}], 'target': [{'name': 'default.payment.next.month', 'dtype': 'int64'}], 'columns_to_drop': ['ID']}
2024-10-23 11:19:49.003 | INFO     | __main__:__init__:45 - Initializing data cleaning process
2024-10-23 11:19:49.003 | INFO     | credit_default.data_cleaning:validate_config:69 - Validating configuration settings
2024-10-23 11:19:49.003 | INFO     | credit_default.data_cleaning:load_data:49 - Loading data from data/data.csv
2024-10-23 11:19:49.061 | INFO     | credit_default.data_cleaning:load_data:55 - File loaded successfully
2024-10-23 11:19:49.061 | INFO     | credit_default.data_cleaning:validate_columns:88 - Validating if required columns exist in the DataFrame
2024-10-23 11:19:49.062 | INFO     | credit_default.data_cleaning:preprocess_data:104 - Starting data preprocessing
2024-10-23 11:19:49.063 | INFO     | credit_default.data_cleaning:_drop_columns:117 - Dropping columns: ID
2024-10-23 11:19:49.066 | INFO     | credit_default.data_cleaning:_rename_target_column:124 - Renaming target column 'default.payment.next.month' to 'Default'
2024-10-23 11:19:49.067 | INFO     | credit_default.data_cleaning:_capitalize_columns:129 - Capitalizing column names
2024-10-23 11:19:49.067 | INFO     | credit_default.data_cleaning:_correct_unknown_values:134 - Correcting unknown values for Education, Marriage and Pay
2024-10-23 11:19:49.073 | INFO     | credit_default.data_cleaning:preprocess_data:111 - Data preprocessing completed
2024-10-23 11:19:49.073 | INFO     | __main__:__init__:48 - Data cleaning process completed
2024-10-23 11:19:49.076 | INFO     | __main__:__init__:72 - Setting up ColumnTransformer for scaling
2024-10-23 11:19:49.076 | INFO     | __main__:get_processed_data:96 - Retrieving processed data and preprocessor
2024-10-23 11:19:49.076 | INFO     | __main__:<module>:118 - Data preprocessing completed. Shape of X: (30000, 23), Shape of y: (30000,)
2024-10-23 11:19:49.076 | INFO     | __main__:<module>:122 - DataPreprocessor script completed
2024-10-23 11:45:25.217 | INFO     | __main__:<module>:113 - Initializing DataPreprocessor with config: {'catalog_name': 'maven', 'schema_name': 'default', 'parameters': {'learning_rate': 0.05, 'random_state': 42}, 'num_features': [{'name': 'LIMIT_BAL', 'dtype': 'float64'}, {'name': 'SEX', 'dtype': 'int64'}, {'name': 'EDUCATION', 'dtype': 'int64'}, {'name': 'MARRIAGE', 'dtype': 'int64'}, {'name': 'AGE', 'dtype': 'int64'}, {'name': 'PAY_0', 'dtype': 'int64'}, {'name': 'PAY_2', 'dtype': 'int64'}, {'name': 'PAY_3', 'dtype': 'int64'}, {'name': 'PAY_4', 'dtype': 'int64'}, {'name': 'PAY_5', 'dtype': 'int64'}, {'name': 'PAY_6', 'dtype': 'int64'}, {'name': 'BILL_AMT1', 'dtype': 'float64'}, {'name': 'BILL_AMT2', 'dtype': 'float64'}, {'name': 'BILL_AMT3', 'dtype': 'float64'}, {'name': 'BILL_AMT4', 'dtype': 'float64'}, {'name': 'BILL_AMT5', 'dtype': 'float64'}, {'name': 'BILL_AMT6', 'dtype': 'float64'}, {'name': 'PAY_AMT1', 'dtype': 'float64'}, {'name': 'PAY_AMT2', 'dtype': 'float64'}, {'name': 'PAY_AMT3', 'dtype': 'float64'}, {'name': 'PAY_AMT4', 'dtype': 'float64'}, {'name': 'PAY_AMT5', 'dtype': 'float64'}, {'name': 'PAY_AMT6', 'dtype': 'float64'}], 'target': [{'name': 'default.payment.next.month', 'dtype': 'int64'}], 'columns_to_drop': ['ID']}
2024-10-23 11:45:25.218 | INFO     | __main__:__init__:45 - Initializing data cleaning process
2024-10-23 11:45:25.218 | INFO     | src.credit_default.data_cleaning:validate_config:69 - Validating configuration settings
2024-10-23 11:45:25.218 | INFO     | src.credit_default.data_cleaning:load_data:49 - Loading data from data/data.csv
2024-10-23 11:45:25.265 | INFO     | src.credit_default.data_cleaning:load_data:55 - File loaded successfully
2024-10-23 11:45:25.266 | INFO     | src.credit_default.data_cleaning:validate_columns:88 - Validating if required columns exist in the DataFrame
2024-10-23 11:45:25.266 | INFO     | src.credit_default.data_cleaning:preprocess_data:104 - Starting data preprocessing
2024-10-23 11:45:25.266 | INFO     | src.credit_default.data_cleaning:_drop_columns:117 - Dropping columns: ID
2024-10-23 11:45:25.268 | INFO     | src.credit_default.data_cleaning:_rename_target_column:124 - Renaming target column 'default.payment.next.month' to 'Default'
2024-10-23 11:45:25.269 | INFO     | src.credit_default.data_cleaning:_capitalize_columns:129 - Capitalizing column names
2024-10-23 11:45:25.269 | INFO     | src.credit_default.data_cleaning:_correct_unknown_values:134 - Correcting unknown values for Education, Marriage and Pay
2024-10-23 11:45:25.273 | INFO     | src.credit_default.data_cleaning:preprocess_data:111 - Data preprocessing completed
2024-10-23 11:45:25.273 | INFO     | __main__:__init__:48 - Data cleaning process completed
2024-10-23 11:45:25.275 | INFO     | __main__:__init__:72 - Setting up ColumnTransformer for scaling
2024-10-23 11:45:25.275 | INFO     | __main__:get_processed_data:96 - Retrieving processed data and preprocessor
2024-10-23 11:45:25.275 | INFO     | __main__:<module>:118 - Data preprocessing completed. Shape of X: (30000, 23), Shape of y: (30000,)
2024-10-23 11:45:25.275 | INFO     | __main__:<module>:122 - DataPreprocessor script completed
2024-10-23 11:55:26.024 | INFO     | __main__:<module>:113 - Initializing DataPreprocessor with config: {'catalog_name': 'maven', 'schema_name': 'default', 'parameters': {'learning_rate': 0.05, 'random_state': 42}, 'num_features': [{'name': 'LIMIT_BAL', 'dtype': 'float64'}, {'name': 'SEX', 'dtype': 'int64'}, {'name': 'EDUCATION', 'dtype': 'int64'}, {'name': 'MARRIAGE', 'dtype': 'int64'}, {'name': 'AGE', 'dtype': 'int64'}, {'name': 'PAY_0', 'dtype': 'int64'}, {'name': 'PAY_2', 'dtype': 'int64'}, {'name': 'PAY_3', 'dtype': 'int64'}, {'name': 'PAY_4', 'dtype': 'int64'}, {'name': 'PAY_5', 'dtype': 'int64'}, {'name': 'PAY_6', 'dtype': 'int64'}, {'name': 'BILL_AMT1', 'dtype': 'float64'}, {'name': 'BILL_AMT2', 'dtype': 'float64'}, {'name': 'BILL_AMT3', 'dtype': 'float64'}, {'name': 'BILL_AMT4', 'dtype': 'float64'}, {'name': 'BILL_AMT5', 'dtype': 'float64'}, {'name': 'BILL_AMT6', 'dtype': 'float64'}, {'name': 'PAY_AMT1', 'dtype': 'float64'}, {'name': 'PAY_AMT2', 'dtype': 'float64'}, {'name': 'PAY_AMT3', 'dtype': 'float64'}, {'name': 'PAY_AMT4', 'dtype': 'float64'}, {'name': 'PAY_AMT5', 'dtype': 'float64'}, {'name': 'PAY_AMT6', 'dtype': 'float64'}], 'target': [{'name': 'default.payment.next.month', 'dtype': 'int64'}], 'columns_to_drop': ['ID']}
2024-10-23 11:55:26.025 | INFO     | __main__:__init__:45 - Initializing data cleaning process
2024-10-23 11:55:26.025 | INFO     | credit_default.data_cleaning:validate_config:69 - Validating configuration settings
2024-10-23 11:55:26.025 | INFO     | credit_default.data_cleaning:load_data:49 - Loading data from data/data.csv
2024-10-23 11:55:26.071 | INFO     | credit_default.data_cleaning:load_data:55 - File loaded successfully
2024-10-23 11:55:26.071 | INFO     | credit_default.data_cleaning:validate_columns:88 - Validating if required columns exist in the DataFrame
2024-10-23 11:55:26.071 | INFO     | credit_default.data_cleaning:preprocess_data:104 - Starting data preprocessing
2024-10-23 11:55:26.071 | INFO     | credit_default.data_cleaning:_drop_columns:117 - Dropping columns: ID
2024-10-23 11:55:26.073 | INFO     | credit_default.data_cleaning:_rename_target_column:124 - Renaming target column 'default.payment.next.month' to 'Default'
2024-10-23 11:55:26.074 | INFO     | credit_default.data_cleaning:_capitalize_columns:129 - Capitalizing column names
2024-10-23 11:55:26.075 | INFO     | credit_default.data_cleaning:_correct_unknown_values:134 - Correcting unknown values for Education, Marriage and Pay
2024-10-23 11:55:26.078 | INFO     | credit_default.data_cleaning:preprocess_data:111 - Data preprocessing completed
2024-10-23 11:55:26.078 | INFO     | __main__:__init__:48 - Data cleaning process completed
2024-10-23 11:55:26.080 | INFO     | __main__:__init__:72 - Setting up ColumnTransformer for scaling
2024-10-23 11:55:26.080 | INFO     | __main__:get_processed_data:96 - Retrieving processed data and preprocessor
2024-10-23 11:55:26.080 | INFO     | __main__:<module>:118 - Data preprocessing completed. Shape of X: (30000, 23), Shape of y: (30000,)
2024-10-23 11:55:26.080 | INFO     | __main__:<module>:122 - DataPreprocessor script completed
2024-10-23 12:38:41.571 | INFO     | __main__:<module>:313 - Loaded configuration from project_config.yml
2024-10-23 12:38:41.572 | INFO     | __main__:<module>:316 - Initializing DataPreprocessor
2024-10-23 12:38:41.572 | INFO     | __main__:_initialize_preprocessing:207 - Initializing data cleaning process
2024-10-23 12:38:41.572 | INFO     | credit_default.data_cleaning:validate_config:69 - Validating configuration settings
2024-10-23 12:38:41.572 | INFO     | credit_default.data_cleaning:load_data:49 - Loading data from data/data.csv
2024-10-23 12:38:41.621 | INFO     | credit_default.data_cleaning:load_data:55 - File loaded successfully
2024-10-23 12:38:41.622 | INFO     | credit_default.data_cleaning:validate_columns:88 - Validating if required columns exist in the DataFrame
2024-10-23 12:38:41.623 | INFO     | credit_default.data_cleaning:preprocess_data:104 - Starting data preprocessing
2024-10-23 12:38:41.624 | INFO     | credit_default.data_cleaning:_drop_columns:117 - Dropping columns: ID
2024-10-23 12:38:41.627 | INFO     | credit_default.data_cleaning:_rename_target_column:124 - Renaming target column 'default.payment.next.month' to 'Default'
2024-10-23 12:38:41.628 | INFO     | credit_default.data_cleaning:_capitalize_columns:129 - Capitalizing column names
2024-10-23 12:38:41.629 | INFO     | credit_default.data_cleaning:_correct_unknown_values:134 - Correcting unknown values for Education, Marriage and Pay
2024-10-23 12:38:41.633 | INFO     | credit_default.data_cleaning:preprocess_data:111 - Data preprocessing completed
2024-10-23 12:38:41.633 | INFO     | __main__:_initialize_preprocessing:210 - Data cleaning process completed successfully
2024-10-23 12:38:41.634 | INFO     | __main__:_setup_feature_scaling:245 - Setting up ColumnTransformer for scaling
2024-10-23 12:38:41.635 | INFO     | __main__:get_processed_data:278 - Retrieving processed data and preprocessor
2024-10-23 12:38:41.635 | INFO     | __main__:<module>:321 - Data preprocessing completed successfully:
2024-10-23 12:38:41.635 | INFO     | __main__:<module>:322 - Features shape: (30000, 23)
2024-10-23 12:38:41.635 | INFO     | __main__:<module>:323 - Target shape: (30000,)
2024-10-23 12:38:41.635 | INFO     | __main__:<module>:324 - Number of features to scale: 13
2024-10-23 12:38:41.635 | INFO     | __main__:<module>:330 - DataPreprocessor script completed successfully
2024-10-23 13:01:48 | INFO | Initializing DataPreprocessor with config: {'catalog_name': 'maven', 'schema_name': 'default', 'parameters': {'learning_rate': 0.05, 'random_state': 42}, 'num_features': [{'name': 'LIMIT_BAL', 'dtype': 'float64'}, {'name': 'SEX', 'dtype': 'int64'}, {'name': 'EDUCATION', 'dtype': 'int64'}, {'name': 'MARRIAGE', 'dtype': 'int64'}, {'name': 'AGE', 'dtype': 'int64'}, {'name': 'PAY_0', 'dtype': 'int64'}, {'name': 'PAY_2', 'dtype': 'int64'}, {'name': 'PAY_3', 'dtype': 'int64'}, {'name': 'PAY_4', 'dtype': 'int64'}, {'name': 'PAY_5', 'dtype': 'int64'}, {'name': 'PAY_6', 'dtype': 'int64'}, {'name': 'BILL_AMT1', 'dtype': 'float64'}, {'name': 'BILL_AMT2', 'dtype': 'float64'}, {'name': 'BILL_AMT3', 'dtype': 'float64'}, {'name': 'BILL_AMT4', 'dtype': 'float64'}, {'name': 'BILL_AMT5', 'dtype': 'float64'}, {'name': 'BILL_AMT6', 'dtype': 'float64'}, {'name': 'PAY_AMT1', 'dtype': 'float64'}, {'name': 'PAY_AMT2', 'dtype': 'float64'}, {'name': 'PAY_AMT3', 'dtype': 'float64'}, {'name': 'PAY_AMT4', 'dtype': 'float64'}, {'name': 'PAY_AMT5', 'dtype': 'float64'}, {'name': 'PAY_AMT6', 'dtype': 'float64'}], 'target': [{'name': 'default.payment.next.month', 'dtype': 'int64'}], 'columns_to_drop': ['ID']}
2024-10-23 13:01:48 | INFO | Initializing data cleaning process
2024-10-23 13:01:48 | INFO | Validating configuration settings
2024-10-23 13:01:48 | INFO | Loading data from data/data.csv
2024-10-23 13:01:48 | INFO | Validating DataFrame structure and content
2024-10-23 13:01:48 | INFO | Starting data preprocessing
2024-10-23 13:01:48 | INFO | Dropping columns: ID
2024-10-23 13:01:48 | INFO | Renaming target column 'default.payment.next.month' to 'Default'
2024-10-23 13:01:48 | INFO | Capitalizing column names
2024-10-23 13:01:48 | INFO | Correcting unknown values for Education, Marriage and Pay columns
2024-10-23 13:01:48 | INFO | Data preprocessing completed successfully
2024-10-23 13:01:48 | INFO | Data cleaning process completed
2024-10-23 13:01:48 | INFO | Setting up ColumnTransformer for scaling
2024-10-23 13:01:48 | INFO | Retrieving processed data and preprocessor
2024-10-23 13:01:48 | INFO | Data preprocessing completed. Shape of X: (30000, 23), Shape of y: (30000,)
2024-10-23 13:01:48 | INFO | DataPreprocessor script completed
2024-10-23 13:03:40 | INFO | Initializing DataPreprocessor with config: {'catalog_name': 'maven', 'schema_name': 'default', 'parameters': {'learning_rate': 0.05, 'random_state': 42}, 'num_features': [{'name': 'LIMIT_BAL', 'dtype': 'float64'}, {'name': 'SEX', 'dtype': 'int64'}, {'name': 'EDUCATION', 'dtype': 'int64'}, {'name': 'MARRIAGE', 'dtype': 'int64'}, {'name': 'AGE', 'dtype': 'int64'}, {'name': 'PAY_0', 'dtype': 'int64'}, {'name': 'PAY_2', 'dtype': 'int64'}, {'name': 'PAY_3', 'dtype': 'int64'}, {'name': 'PAY_4', 'dtype': 'int64'}, {'name': 'PAY_5', 'dtype': 'int64'}, {'name': 'PAY_6', 'dtype': 'int64'}, {'name': 'BILL_AMT1', 'dtype': 'float64'}, {'name': 'BILL_AMT2', 'dtype': 'float64'}, {'name': 'BILL_AMT3', 'dtype': 'float64'}, {'name': 'BILL_AMT4', 'dtype': 'float64'}, {'name': 'BILL_AMT5', 'dtype': 'float64'}, {'name': 'BILL_AMT6', 'dtype': 'float64'}, {'name': 'PAY_AMT1', 'dtype': 'float64'}, {'name': 'PAY_AMT2', 'dtype': 'float64'}, {'name': 'PAY_AMT3', 'dtype': 'float64'}, {'name': 'PAY_AMT4', 'dtype': 'float64'}, {'name': 'PAY_AMT5', 'dtype': 'float64'}, {'name': 'PAY_AMT6', 'dtype': 'float64'}], 'target': [{'name': 'default.payment.next.month', 'dtype': 'int64'}], 'columns_to_drop': ['ID']}
2024-10-23 13:03:40 | INFO | Initializing data cleaning process
2024-10-23 13:03:40 | INFO | Validating configuration settings
2024-10-23 13:03:40 | INFO | Loading data from data/data.csv
2024-10-23 13:03:40 | INFO | Validating DataFrame structure and content
2024-10-23 13:03:40 | INFO | Starting data preprocessing
2024-10-23 13:03:40 | INFO | Dropping columns: ID
2024-10-23 13:03:40 | INFO | Renaming target column 'default.payment.next.month' to 'Default'
2024-10-23 13:03:40 | INFO | Capitalizing column names
2024-10-23 13:03:40 | INFO | Correcting unknown values for Education, Marriage and Pay columns
2024-10-23 13:03:40 | INFO | Data preprocessing completed successfully
2024-10-23 13:03:40 | INFO | Data cleaning process completed
2024-10-23 13:03:40 | INFO | Setting up ColumnTransformer for scaling
2024-10-23 13:03:40 | INFO | Retrieving processed data and preprocessor
2024-10-23 13:03:40 | INFO | Data preprocessing completed. Shape of X: (30000, 23), Shape of y: (30000,)
2024-10-23 13:03:40 | INFO | DataPreprocessor script completed
2024-10-23 13:05:19.261 | INFO     | __main__:<module>:229 - Initializing DataPreprocessor with config: {'catalog_name': 'maven', 'schema_name': 'default', 'parameters': {'learning_rate': 0.05, 'random_state': 42}, 'num_features': [{'name': 'LIMIT_BAL', 'dtype': 'float64'}, {'name': 'SEX', 'dtype': 'int64'}, {'name': 'EDUCATION', 'dtype': 'int64'}, {'name': 'MARRIAGE', 'dtype': 'int64'}, {'name': 'AGE', 'dtype': 'int64'}, {'name': 'PAY_0', 'dtype': 'int64'}, {'name': 'PAY_2', 'dtype': 'int64'}, {'name': 'PAY_3', 'dtype': 'int64'}, {'name': 'PAY_4', 'dtype': 'int64'}, {'name': 'PAY_5', 'dtype': 'int64'}, {'name': 'PAY_6', 'dtype': 'int64'}, {'name': 'BILL_AMT1', 'dtype': 'float64'}, {'name': 'BILL_AMT2', 'dtype': 'float64'}, {'name': 'BILL_AMT3', 'dtype': 'float64'}, {'name': 'BILL_AMT4', 'dtype': 'float64'}, {'name': 'BILL_AMT5', 'dtype': 'float64'}, {'name': 'BILL_AMT6', 'dtype': 'float64'}, {'name': 'PAY_AMT1', 'dtype': 'float64'}, {'name': 'PAY_AMT2', 'dtype': 'float64'}, {'name': 'PAY_AMT3', 'dtype': 'float64'}, {'name': 'PAY_AMT4', 'dtype': 'float64'}, {'name': 'PAY_AMT5', 'dtype': 'float64'}, {'name': 'PAY_AMT6', 'dtype': 'float64'}], 'target': [{'name': 'default.payment.next.month', 'dtype': 'int64'}], 'columns_to_drop': ['ID']}
2024-10-23 13:05:19.261 | INFO     | __main__:__init__:165 - Initializing data cleaning process
2024-10-23 13:05:19.261 | INFO     | credit_default.data_cleaning:_validate_and_setup_config:268 - Validating configuration settings
2024-10-23 13:05:19.262 | INFO     | credit_default.data_cleaning:_load_data:312 - Loading data from data/data.csv
2024-10-23 13:05:19.315 | INFO     | credit_default.data_cleaning:_validate_dataframe:331 - Validating DataFrame structure and content
2024-10-23 13:05:19.319 | INFO     | credit_default.data_cleaning:preprocess_data:376 - Starting data preprocessing
2024-10-23 13:05:19.319 | INFO     | credit_default.data_cleaning:_drop_columns:395 - Dropping columns: ID
2024-10-23 13:05:19.322 | INFO     | credit_default.data_cleaning:_rename_target_column:400 - Renaming target column 'default.payment.next.month' to 'Default'
2024-10-23 13:05:19.323 | INFO     | credit_default.data_cleaning:_capitalize_columns:405 - Capitalizing column names
2024-10-23 13:05:19.323 | INFO     | credit_default.data_cleaning:_correct_unknown_values:410 - Correcting unknown values for Education, Marriage and Pay columns
2024-10-23 13:05:19.330 | INFO     | credit_default.data_cleaning:preprocess_data:386 - Data preprocessing completed successfully
2024-10-23 13:05:19.331 | INFO     | __main__:__init__:168 - Data cleaning process completed
2024-10-23 13:05:19.333 | INFO     | __main__:__init__:192 - Setting up ColumnTransformer for scaling
2024-10-23 13:05:19.333 | INFO     | __main__:get_processed_data:216 - Retrieving processed data and preprocessor
2024-10-23 13:05:19.334 | INFO     | __main__:<module>:234 - Data preprocessing completed. Shape of X: (30000, 23), Shape of y: (30000,)
2024-10-23 13:05:19.334 | INFO     | __main__:<module>:238 - DataPreprocessor script completed
2024-10-23 13:09:46.083 | INFO     | __main__:<module>:107 - Initializing DataPreprocessor with config: {'catalog_name': 'maven', 'schema_name': 'default', 'parameters': {'learning_rate': 0.05, 'random_state': 42}, 'num_features': [{'name': 'LIMIT_BAL', 'dtype': 'float64'}, {'name': 'SEX', 'dtype': 'int64'}, {'name': 'EDUCATION', 'dtype': 'int64'}, {'name': 'MARRIAGE', 'dtype': 'int64'}, {'name': 'AGE', 'dtype': 'int64'}, {'name': 'PAY_0', 'dtype': 'int64'}, {'name': 'PAY_2', 'dtype': 'int64'}, {'name': 'PAY_3', 'dtype': 'int64'}, {'name': 'PAY_4', 'dtype': 'int64'}, {'name': 'PAY_5', 'dtype': 'int64'}, {'name': 'PAY_6', 'dtype': 'int64'}, {'name': 'BILL_AMT1', 'dtype': 'float64'}, {'name': 'BILL_AMT2', 'dtype': 'float64'}, {'name': 'BILL_AMT3', 'dtype': 'float64'}, {'name': 'BILL_AMT4', 'dtype': 'float64'}, {'name': 'BILL_AMT5', 'dtype': 'float64'}, {'name': 'BILL_AMT6', 'dtype': 'float64'}, {'name': 'PAY_AMT1', 'dtype': 'float64'}, {'name': 'PAY_AMT2', 'dtype': 'float64'}, {'name': 'PAY_AMT3', 'dtype': 'float64'}, {'name': 'PAY_AMT4', 'dtype': 'float64'}, {'name': 'PAY_AMT5', 'dtype': 'float64'}, {'name': 'PAY_AMT6', 'dtype': 'float64'}], 'target': [{'name': 'default.payment.next.month', 'dtype': 'int64'}], 'columns_to_drop': ['ID']}
2024-10-23 13:09:46.084 | INFO     | __main__:__init__:43 - Initializing data cleaning process
2024-10-23 13:09:46.084 | INFO     | credit_default.data_cleaning:_validate_and_setup_config:69 - Validating configuration settings
2024-10-23 13:09:46.084 | INFO     | credit_default.data_cleaning:_load_data:113 - Loading data from data/data.csv
2024-10-23 13:09:46.138 | INFO     | credit_default.data_cleaning:_validate_dataframe:132 - Validating DataFrame structure and content
2024-10-23 13:09:46.142 | INFO     | credit_default.data_cleaning:preprocess_data:177 - Starting data preprocessing
2024-10-23 13:09:46.143 | INFO     | credit_default.data_cleaning:_drop_columns:196 - Dropping columns: ID
2024-10-23 13:09:46.146 | INFO     | credit_default.data_cleaning:_rename_target_column:201 - Renaming target column 'default.payment.next.month' to 'Default'
2024-10-23 13:09:46.148 | INFO     | credit_default.data_cleaning:_capitalize_columns:206 - Capitalizing column names
2024-10-23 13:09:46.148 | INFO     | credit_default.data_cleaning:_correct_unknown_values:211 - Correcting unknown values for Education, Marriage and Pay columns
2024-10-23 13:09:46.155 | INFO     | credit_default.data_cleaning:preprocess_data:187 - Data preprocessing completed successfully
2024-10-23 13:09:46.155 | INFO     | __main__:__init__:46 - Data cleaning process completed
2024-10-23 13:09:46.158 | INFO     | __main__:__init__:70 - Setting up ColumnTransformer for scaling
2024-10-23 13:09:46.158 | INFO     | __main__:get_processed_data:94 - Retrieving processed data and preprocessor
2024-10-23 13:09:46.158 | INFO     | __main__:<module>:112 - Data preprocessing completed. Shape of X: (30000, 23), Shape of y: (30000,)
2024-10-23 13:09:46.159 | INFO     | __main__:<module>:116 - DataPreprocessor script completed
2024-10-23 13:27:15.883 | INFO     | credit_default.utils:load_config:71 - Loaded configuration from project_config.yml
2024-10-23 13:27:15.884 | INFO     | __main__:<module>:107 - Initializing DataPreprocessor with config: {'catalog_name': 'maven', 'schema_name': 'default', 'parameters': {'learning_rate': 0.05, 'random_state': 42}, 'num_features': [{'name': 'LIMIT_BAL', 'dtype': 'float64'}, {'name': 'SEX', 'dtype': 'int64'}, {'name': 'EDUCATION', 'dtype': 'int64'}, {'name': 'MARRIAGE', 'dtype': 'int64'}, {'name': 'AGE', 'dtype': 'int64'}, {'name': 'PAY_0', 'dtype': 'int64'}, {'name': 'PAY_2', 'dtype': 'int64'}, {'name': 'PAY_3', 'dtype': 'int64'}, {'name': 'PAY_4', 'dtype': 'int64'}, {'name': 'PAY_5', 'dtype': 'int64'}, {'name': 'PAY_6', 'dtype': 'int64'}, {'name': 'BILL_AMT1', 'dtype': 'float64'}, {'name': 'BILL_AMT2', 'dtype': 'float64'}, {'name': 'BILL_AMT3', 'dtype': 'float64'}, {'name': 'BILL_AMT4', 'dtype': 'float64'}, {'name': 'BILL_AMT5', 'dtype': 'float64'}, {'name': 'BILL_AMT6', 'dtype': 'float64'}, {'name': 'PAY_AMT1', 'dtype': 'float64'}, {'name': 'PAY_AMT2', 'dtype': 'float64'}, {'name': 'PAY_AMT3', 'dtype': 'float64'}, {'name': 'PAY_AMT4', 'dtype': 'float64'}, {'name': 'PAY_AMT5', 'dtype': 'float64'}, {'name': 'PAY_AMT6', 'dtype': 'float64'}], 'target': [{'name': 'default.payment.next.month', 'dtype': 'int64'}], 'columns_to_drop': ['ID']}
2024-10-23 13:27:15.884 | INFO     | __main__:__init__:43 - Initializing data cleaning process
2024-10-23 13:27:15.885 | INFO     | credit_default.data_cleaning:_validate_and_setup_config:70 - Validating configuration settings
2024-10-23 13:27:15.885 | INFO     | credit_default.data_cleaning:_load_data:114 - Loading data from data/data.csv
2024-10-23 13:27:15.936 | INFO     | credit_default.data_cleaning:_validate_dataframe:133 - Validating DataFrame structure and content
2024-10-23 13:27:15.937 | INFO     | credit_default.data_cleaning:preprocess_data:178 - Starting data preprocessing
2024-10-23 13:27:15.938 | INFO     | credit_default.data_cleaning:_drop_columns:197 - Dropping columns: ID
2024-10-23 13:27:15.939 | INFO     | credit_default.data_cleaning:_rename_target_column:202 - Renaming target column 'default.payment.next.month' to 'Default'
2024-10-23 13:27:15.941 | INFO     | credit_default.data_cleaning:_capitalize_columns:207 - Capitalizing column names
2024-10-23 13:27:15.941 | INFO     | credit_default.data_cleaning:_correct_unknown_values:212 - Correcting unknown values for Education, Marriage and Pay columns
2024-10-23 13:27:15.947 | INFO     | credit_default.data_cleaning:preprocess_data:188 - Data preprocessing completed successfully
2024-10-23 13:27:15.947 | INFO     | __main__:__init__:46 - Data cleaning process completed
2024-10-23 13:27:15.950 | INFO     | __main__:__init__:70 - Setting up ColumnTransformer for scaling
2024-10-23 13:27:15.950 | INFO     | __main__:get_processed_data:94 - Retrieving processed data and preprocessor
2024-10-23 13:27:15.951 | INFO     | __main__:<module>:112 - Data preprocessing completed. Shape of X: (30000, 23), Shape of y: (30000,)
2024-10-23 13:27:15.951 | INFO     | __main__:<module>:116 - DataPreprocessor script completed
2024-10-23 13:34:29.850 | INFO     | credit_default.utils:load_config:71 - Loaded configuration from project_config.yml
2024-10-23 13:34:29.851 | INFO     | __main__:<module>:107 - Initializing DataPreprocessor with config: {'catalog_name': 'maven', 'schema_name': 'default', 'parameters': {'learning_rate': 0.05, 'random_state': 42}, 'num_features': [{'name': 'LIMIT_BAL', 'dtype': 'float64'}, {'name': 'SEX', 'dtype': 'int64'}, {'name': 'EDUCATION', 'dtype': 'int64'}, {'name': 'MARRIAGE', 'dtype': 'int64'}, {'name': 'AGE', 'dtype': 'int64'}, {'name': 'PAY_0', 'dtype': 'int64'}, {'name': 'PAY_2', 'dtype': 'int64'}, {'name': 'PAY_3', 'dtype': 'int64'}, {'name': 'PAY_4', 'dtype': 'int64'}, {'name': 'PAY_5', 'dtype': 'int64'}, {'name': 'PAY_6', 'dtype': 'int64'}, {'name': 'BILL_AMT1', 'dtype': 'float64'}, {'name': 'BILL_AMT2', 'dtype': 'float64'}, {'name': 'BILL_AMT3', 'dtype': 'float64'}, {'name': 'BILL_AMT4', 'dtype': 'float64'}, {'name': 'BILL_AMT5', 'dtype': 'float64'}, {'name': 'BILL_AMT6', 'dtype': 'float64'}, {'name': 'PAY_AMT1', 'dtype': 'float64'}, {'name': 'PAY_AMT2', 'dtype': 'float64'}, {'name': 'PAY_AMT3', 'dtype': 'float64'}, {'name': 'PAY_AMT4', 'dtype': 'float64'}, {'name': 'PAY_AMT5', 'dtype': 'float64'}, {'name': 'PAY_AMT6', 'dtype': 'float64'}], 'target': [{'name': 'default.payment.next.month', 'dtype': 'int64'}], 'columns_to_drop': ['ID']}
2024-10-23 13:34:29.851 | INFO     | __main__:__init__:43 - Initializing data cleaning process
2024-10-23 13:34:29.851 | INFO     | credit_default.data_cleaning:_validate_and_setup_config:63 - Validating configuration settings
2024-10-23 13:34:29.851 | INFO     | credit_default.data_cleaning:_load_data:105 - Loading data from data/data.csv
2024-10-23 13:34:29.896 | INFO     | credit_default.data_cleaning:_validate_dataframe:124 - Validating DataFrame structure and content
2024-10-23 13:34:29.898 | INFO     | credit_default.data_cleaning:preprocess_data:169 - Starting data preprocessing
2024-10-23 13:34:29.898 | INFO     | credit_default.data_cleaning:_drop_columns:188 - Dropping columns: ID
2024-10-23 13:34:29.900 | INFO     | credit_default.data_cleaning:_rename_target_column:193 - Renaming target column 'default.payment.next.month' to 'Default'
2024-10-23 13:34:29.901 | INFO     | credit_default.data_cleaning:_capitalize_columns:198 - Capitalizing column names
2024-10-23 13:34:29.901 | INFO     | credit_default.data_cleaning:_correct_unknown_values:203 - Correcting unknown values for Education, Marriage and Pay columns
2024-10-23 13:34:29.908 | INFO     | credit_default.data_cleaning:preprocess_data:179 - Data preprocessing completed successfully
2024-10-23 13:34:29.908 | INFO     | __main__:__init__:46 - Data cleaning process completed
2024-10-23 13:34:29.910 | INFO     | __main__:__init__:70 - Setting up ColumnTransformer for scaling
2024-10-23 13:34:29.911 | INFO     | __main__:get_processed_data:94 - Retrieving processed data and preprocessor
2024-10-23 13:34:29.911 | INFO     | __main__:<module>:112 - Data preprocessing completed. Shape of X: (30000, 23), Shape of y: (30000,)
2024-10-23 13:34:29.911 | INFO     | __main__:<module>:116 - DataPreprocessor script completed
